Copyright 1986-2018 Xilinx, Inc. All Rights Reserved.
-------------------------------------------------------------------------------------------
| Tool Version : Vivado v.2018.2 (win64) Build 2258646 Thu Jun 14 20:03:12 MDT 2018
| Date         : Sun Sep  7 19:33:51 2025
| Host         : DESKTOP-9SQ9M3B running 64-bit major release  (build 9200)
| Command      : report_control_sets -verbose -file AES_Encryption_control_sets_placed.rpt
| Design       : AES_Encryption
| Device       : xc7vx485t
-------------------------------------------------------------------------------------------

Control Set Information

Table of Contents
-----------------
1. Summary
2. Histogram
3. Flip-Flop Distribution
4. Detailed Control Set Information

1. Summary
----------

+----------------------------------------------------------+-------+
|                          Status                          | Count |
+----------------------------------------------------------+-------+
| Number of unique control sets                            |     1 |
| Unused register locations in slices containing registers |     0 |
+----------------------------------------------------------+-------+


2. Histogram
------------

+--------+--------------+
| Fanout | Control Sets |
+--------+--------------+
|    16+ |            1 |
+--------+--------------+


3. Flip-Flop Distribution
-------------------------

+--------------+-----------------------+------------------------+-----------------+--------------+
| Clock Enable | Synchronous Set/Reset | Asynchronous Set/Reset | Total Registers | Total Slices |
+--------------+-----------------------+------------------------+-----------------+--------------+
| No           | No                    | No                     |               0 |            0 |
| No           | No                    | Yes                    |           12800 |         2920 |
| No           | Yes                   | No                     |               0 |            0 |
| Yes          | No                    | No                     |               0 |            0 |
| Yes          | No                    | Yes                    |               0 |            0 |
| Yes          | Yes                   | No                     |               0 |            0 |
+--------------+-----------------------+------------------------+-----------------+--------------+


4. Detailed Control Set Information
-----------------------------------

+----------------+---------------+------------------------------------------------+------------------+----------------+
|  Clock Signal  | Enable Signal |                Set/Reset Signal                | Slice Load Count | Bel Load Count |
+----------------+---------------+------------------------------------------------+------------------+----------------+
|  clk_IBUF_BUFG |               | gen_rounds[10].round_key_inst/DUT/Q_reg[127]_0 |             2920 |          12800 |
+----------------+---------------+------------------------------------------------+------------------+----------------+


