Copyright 1986-2018 Xilinx, Inc. All Rights Reserved.
----------------------------------------------------------------------------------------------------------------------------------------------------------------
| Tool Version     : Vivado v.2018.2 (win64) Build 2258646 Thu Jun 14 20:03:12 MDT 2018
| Date             : Sun Sep  7 20:02:19 2025
| Host             : DESKTOP-9SQ9M3B running 64-bit major release  (build 9200)
| Command          : report_power -file AES_Encryption_power_routed.rpt -pb AES_Encryption_power_summary_routed.pb -rpx AES_Encryption_power_routed.rpx
| Design           : AES_Encryption
| Device           : xc7vx485tffg1157-2L
| Design State     : routed
| Grade            : extended
| Process          : typical
| Characterization : Production
----------------------------------------------------------------------------------------------------------------------------------------------------------------

Power Report

Table of Contents
-----------------
1. Summary
1.1 On-Chip Components
1.2 Power Supply Summary
1.3 Confidence Level
2. Settings
2.1 Environment
2.2 Clock Constraints
3. Detailed Reports
3.1 By Hierarchy

1. Summary
----------

+--------------------------+--------------+
| Total On-Chip Power (W)  | 0.779        |
| Design Power Budget (W)  | Unspecified* |
| Power Budget Margin (W)  | NA           |
| Dynamic (W)              | 0.531        |
| Device Static (W)        | 0.247        |
| Effective TJA (C/W)      | 1.4          |
| Max Ambient (C)          | 98.9         |
| Junction Temperature (C) | 26.1         |
| Confidence Level         | Low          |
| Setting File             | ---          |
| Simulation Activity File | ---          |
| Design Nets Matched      | NA           |
+--------------------------+--------------+
* Specify Design Power Budget using, set_operating_conditions -design_power_budget <value in Watts>


1.1 On-Chip Components
----------------------

+----------------+-----------+----------+-----------+-----------------+
| On-Chip        | Power (W) | Used     | Available | Utilization (%) |
+----------------+-----------+----------+-----------+-----------------+
| Clocks         |     0.057 |        3 |       --- |             --- |
| Slice Logic    |     0.181 |    21171 |       --- |             --- |
|   LUT as Logic |     0.162 |     9913 |    303600 |            3.27 |
|   F7/F8 Muxes  |     0.012 |     4736 |    303600 |            1.56 |
|   Register     |     0.007 |     6400 |    607200 |            1.05 |
|   Others       |     0.000 |       50 |       --- |             --- |
| Signals        |     0.170 |     8066 |       --- |             --- |
| I/O            |     0.123 |      386 |       600 |           64.33 |
| Static Power   |     0.247 |          |           |                 |
| Total          |     0.779 |          |           |                 |
+----------------+-----------+----------+-----------+-----------------+


1.2 Power Supply Summary
------------------------

+-----------+-------------+-----------+-------------+------------+
| Source    | Voltage (V) | Total (A) | Dynamic (A) | Static (A) |
+-----------+-------------+-----------+-------------+------------+
| Vccint    |       1.000 |     0.547 |       0.409 |      0.138 |
| Vccaux    |       1.800 |     0.048 |       0.010 |      0.038 |
| Vcco33    |       3.300 |     0.000 |       0.000 |      0.000 |
| Vcco25    |       2.500 |     0.000 |       0.000 |      0.000 |
| Vcco18    |       1.800 |     0.059 |       0.058 |      0.001 |
| Vcco15    |       1.500 |     0.000 |       0.000 |      0.000 |
| Vcco135   |       1.350 |     0.000 |       0.000 |      0.000 |
| Vcco12    |       1.200 |     0.000 |       0.000 |      0.000 |
| Vccaux_io |       1.800 |     0.000 |       0.000 |      0.000 |
| Vccbram   |       1.000 |     0.003 |       0.000 |      0.003 |
| MGTAVcc   |       1.000 |     0.000 |       0.000 |      0.000 |
| MGTAVtt   |       1.200 |     0.000 |       0.000 |      0.000 |
| MGTVccaux |       1.800 |     0.000 |       0.000 |      0.000 |
| MGTZVccl  |       1.075 |     0.000 |       0.000 |      0.000 |
| MGTZAVcc  |       1.075 |     0.000 |       0.000 |      0.000 |
| MGTZVcch  |       1.800 |     0.000 |       0.000 |      0.000 |
| Vccadc    |       1.800 |     0.020 |       0.000 |      0.020 |
+-----------+-------------+-----------+-------------+------------+


1.3 Confidence Level
--------------------

+-----------------------------+------------+--------------------------------------------------------+------------------------------------------------------------------------------------------------------------+
| User Input Data             | Confidence | Details                                                | Action                                                                                                     |
+-----------------------------+------------+--------------------------------------------------------+------------------------------------------------------------------------------------------------------------+
| Design implementation state | High       | Design is routed                                       |                                                                                                            |
| Clock nodes activity        | High       | User specified more than 95% of clocks                 |                                                                                                            |
| I/O nodes activity          | Low        | More than 75% of inputs are missing user specification | Provide missing input activity with simulation results or by editing the "By Resource Type -> I/Os" view   |
| Internal nodes activity     | Medium     | User specified less than 25% of internal nodes         | Provide missing internal nodes activity with simulation results or by editing the "By Resource Type" views |
| Device models               | High       | Device models are Production                           |                                                                                                            |
|                             |            |                                                        |                                                                                                            |
| Overall confidence level    | Low        |                                                        |                                                                                                            |
+-----------------------------+------------+--------------------------------------------------------+------------------------------------------------------------------------------------------------------------+


2. Settings
-----------

2.1 Environment
---------------

+-----------------------+--------------------------+
| Ambient Temp (C)      | 25.0                     |
| ThetaJA (C/W)         | 1.4                      |
| Airflow (LFM)         | 250                      |
| Heat Sink             | medium (Medium Profile)  |
| ThetaSA (C/W)         | 2.4                      |
| Board Selection       | medium (10"x10")         |
| # of Board Layers     | 12to15 (12 to 15 Layers) |
| Board Temperature (C) | 25.0                     |
+-----------------------+--------------------------+


2.2 Clock Constraints
---------------------

+---------+--------+-----------------+
| Clock   | Domain | Constraint (ns) |
+---------+--------+-----------------+
| sys_clk | clk    |            10.0 |
+---------+--------+-----------------+


3. Detailed Reports
-------------------

3.1 By Hierarchy
----------------

+----------------------------------------------+-----------+
| Name                                         | Power (W) |
+----------------------------------------------+-----------+
| AES_Encryption                               |     0.531 |
|   gen_key_expansion[10].key_exp_inst         |     0.009 |
|     DUT                                      |     0.007 |
|     sbox_loop[0].s_box                       |    <0.001 |
|     sbox_loop[16].s_box                      |    <0.001 |
|     sbox_loop[24].s_box                      |    <0.001 |
|     sbox_loop[8].s_box                       |    <0.001 |
|   gen_key_expansion[1].key_exp_inst          |     0.012 |
|     DUT                                      |     0.010 |
|     sbox_loop[0].s_box                       |    <0.001 |
|     sbox_loop[16].s_box                      |    <0.001 |
|     sbox_loop[24].s_box                      |    <0.001 |
|     sbox_loop[8].s_box                       |    <0.001 |
|   gen_key_expansion[2].key_exp_inst          |     0.013 |
|     DUT                                      |     0.012 |
|     sbox_loop[0].s_box                       |    <0.001 |
|     sbox_loop[16].s_box                      |    <0.001 |
|     sbox_loop[24].s_box                      |    <0.001 |
|     sbox_loop[8].s_box                       |    <0.001 |
|   gen_key_expansion[3].key_exp_inst          |     0.013 |
|     DUT                                      |     0.012 |
|     sbox_loop[0].s_box                       |    <0.001 |
|     sbox_loop[16].s_box                      |    <0.001 |
|     sbox_loop[24].s_box                      |    <0.001 |
|     sbox_loop[8].s_box                       |    <0.001 |
|   gen_key_expansion[4].key_exp_inst          |     0.013 |
|     DUT                                      |     0.012 |
|     sbox_loop[0].s_box                       |    <0.001 |
|     sbox_loop[16].s_box                      |    <0.001 |
|     sbox_loop[24].s_box                      |    <0.001 |
|     sbox_loop[8].s_box                       |    <0.001 |
|   gen_key_expansion[5].key_exp_inst          |     0.013 |
|     DUT                                      |     0.012 |
|     sbox_loop[0].s_box                       |    <0.001 |
|     sbox_loop[16].s_box                      |    <0.001 |
|     sbox_loop[24].s_box                      |    <0.001 |
|     sbox_loop[8].s_box                       |    <0.001 |
|   gen_key_expansion[6].key_exp_inst          |     0.013 |
|     DUT                                      |     0.012 |
|     sbox_loop[0].s_box                       |    <0.001 |
|     sbox_loop[16].s_box                      |    <0.001 |
|     sbox_loop[24].s_box                      |    <0.001 |
|     sbox_loop[8].s_box                       |    <0.001 |
|   gen_key_expansion[7].key_exp_inst          |     0.013 |
|     DUT                                      |     0.012 |
|     sbox_loop[0].s_box                       |    <0.001 |
|     sbox_loop[16].s_box                      |    <0.001 |
|     sbox_loop[24].s_box                      |    <0.001 |
|     sbox_loop[8].s_box                       |    <0.001 |
|   gen_key_expansion[8].key_exp_inst          |     0.014 |
|     DUT                                      |     0.012 |
|     sbox_loop[0].s_box                       |    <0.001 |
|     sbox_loop[16].s_box                      |    <0.001 |
|     sbox_loop[24].s_box                      |    <0.001 |
|     sbox_loop[8].s_box                       |    <0.001 |
|   gen_key_expansion[9].key_exp_inst          |     0.015 |
|     DUT                                      |     0.013 |
|     sbox_loop[0].s_box                       |    <0.001 |
|     sbox_loop[16].s_box                      |    <0.001 |
|     sbox_loop[24].s_box                      |    <0.001 |
|     sbox_loop[8].s_box                       |    <0.001 |
|   gen_rounds[10].round_key_inst              |     0.005 |
|     DUT                                      |     0.005 |
|   gen_rounds[10].shift_rows_inst             |     0.004 |
|     DUT                                      |     0.004 |
|   gen_rounds[10].sub_bytes_inst              |     0.005 |
|     DUT                                      |     0.004 |
|     sbox_loop[0].s_box                       |    <0.001 |
|     sbox_loop[104].s_box                     |    <0.001 |
|     sbox_loop[112].s_box                     |    <0.001 |
|     sbox_loop[120].s_box                     |    <0.001 |
|     sbox_loop[16].s_box                      |    <0.001 |
|     sbox_loop[24].s_box                      |    <0.001 |
|     sbox_loop[32].s_box                      |    <0.001 |
|     sbox_loop[40].s_box                      |    <0.001 |
|     sbox_loop[48].s_box                      |    <0.001 |
|     sbox_loop[56].s_box                      |    <0.001 |
|     sbox_loop[64].s_box                      |    <0.001 |
|     sbox_loop[72].s_box                      |    <0.001 |
|     sbox_loop[80].s_box                      |    <0.001 |
|     sbox_loop[88].s_box                      |    <0.001 |
|     sbox_loop[8].s_box                       |    <0.001 |
|     sbox_loop[96].s_box                      |    <0.001 |
|   gen_rounds[1].gen_mixcols.mix_columns_inst |     0.002 |
|     DUT                                      |     0.002 |
|   gen_rounds[1].round_key_inst               |     0.016 |
|     DUT                                      |     0.016 |
|   gen_rounds[1].shift_rows_inst              |     0.005 |
|     DUT                                      |     0.005 |
|   gen_rounds[1].sub_bytes_inst               |     0.003 |
|     DUT                                      |     0.003 |
|     sbox_loop[0].s_box                       |    <0.001 |
|     sbox_loop[104].s_box                     |    <0.001 |
|     sbox_loop[112].s_box                     |    <0.001 |
|     sbox_loop[120].s_box                     |    <0.001 |
|     sbox_loop[16].s_box                      |    <0.001 |
|     sbox_loop[24].s_box                      |    <0.001 |
|     sbox_loop[32].s_box                      |    <0.001 |
|     sbox_loop[40].s_box                      |    <0.001 |
|     sbox_loop[48].s_box                      |    <0.001 |
|     sbox_loop[56].s_box                      |    <0.001 |
|     sbox_loop[64].s_box                      |    <0.001 |
|     sbox_loop[72].s_box                      |    <0.001 |
|     sbox_loop[80].s_box                      |    <0.001 |
|     sbox_loop[88].s_box                      |    <0.001 |
|     sbox_loop[8].s_box                       |    <0.001 |
|     sbox_loop[96].s_box                      |    <0.001 |
|   gen_rounds[2].gen_mixcols.mix_columns_inst |     0.002 |
|     DUT                                      |     0.002 |
|   gen_rounds[2].round_key_inst               |     0.017 |
|     DUT                                      |     0.017 |
|   gen_rounds[2].shift_rows_inst              |     0.006 |
|     DUT                                      |     0.006 |
|   gen_rounds[2].sub_bytes_inst               |     0.003 |
|     DUT                                      |     0.002 |
|     sbox_loop[0].s_box                       |    <0.001 |
|     sbox_loop[104].s_box                     |    <0.001 |
|     sbox_loop[112].s_box                     |    <0.001 |
|     sbox_loop[120].s_box                     |    <0.001 |
|     sbox_loop[16].s_box                      |    <0.001 |
|     sbox_loop[24].s_box                      |    <0.001 |
|     sbox_loop[32].s_box                      |    <0.001 |
|     sbox_loop[40].s_box                      |    <0.001 |
|     sbox_loop[48].s_box                      |    <0.001 |
|     sbox_loop[56].s_box                      |    <0.001 |
|     sbox_loop[64].s_box                      |    <0.001 |
|     sbox_loop[72].s_box                      |    <0.001 |
|     sbox_loop[80].s_box                      |    <0.001 |
|     sbox_loop[88].s_box                      |    <0.001 |
|     sbox_loop[8].s_box                       |    <0.001 |
|     sbox_loop[96].s_box                      |    <0.001 |
|   gen_rounds[3].gen_mixcols.mix_columns_inst |     0.002 |
|     DUT                                      |     0.002 |
|   gen_rounds[3].round_key_inst               |     0.016 |
|     DUT                                      |     0.016 |
|   gen_rounds[3].shift_rows_inst              |     0.005 |
|     DUT                                      |     0.005 |
|   gen_rounds[3].sub_bytes_inst               |     0.004 |
|     DUT                                      |     0.003 |
|     sbox_loop[0].s_box                       |    <0.001 |
|     sbox_loop[104].s_box                     |    <0.001 |
|     sbox_loop[112].s_box                     |    <0.001 |
|     sbox_loop[120].s_box                     |    <0.001 |
|     sbox_loop[16].s_box                      |    <0.001 |
|     sbox_loop[24].s_box                      |    <0.001 |
|     sbox_loop[32].s_box                      |    <0.001 |
|     sbox_loop[40].s_box                      |    <0.001 |
|     sbox_loop[48].s_box                      |    <0.001 |
|     sbox_loop[56].s_box                      |    <0.001 |
|     sbox_loop[64].s_box                      |    <0.001 |
|     sbox_loop[72].s_box                      |    <0.001 |
|     sbox_loop[80].s_box                      |    <0.001 |
|     sbox_loop[88].s_box                      |    <0.001 |
|     sbox_loop[8].s_box                       |    <0.001 |
|     sbox_loop[96].s_box                      |    <0.001 |
|   gen_rounds[4].gen_mixcols.mix_columns_inst |     0.002 |
|     DUT                                      |     0.002 |
|   gen_rounds[4].round_key_inst               |     0.016 |
|     DUT                                      |     0.016 |
|   gen_rounds[4].shift_rows_inst              |     0.005 |
|     DUT                                      |     0.005 |
|   gen_rounds[4].sub_bytes_inst               |     0.003 |
|     DUT                                      |     0.002 |
|     sbox_loop[0].s_box                       |    <0.001 |
|     sbox_loop[104].s_box                     |    <0.001 |
|     sbox_loop[112].s_box                     |    <0.001 |
|     sbox_loop[120].s_box                     |    <0.001 |
|     sbox_loop[16].s_box                      |    <0.001 |
|     sbox_loop[24].s_box                      |    <0.001 |
|     sbox_loop[32].s_box                      |    <0.001 |
|     sbox_loop[40].s_box                      |    <0.001 |
|     sbox_loop[48].s_box                      |    <0.001 |
|     sbox_loop[56].s_box                      |    <0.001 |
|     sbox_loop[64].s_box                      |    <0.001 |
|     sbox_loop[72].s_box                      |    <0.001 |
|     sbox_loop[80].s_box                      |    <0.001 |
|     sbox_loop[88].s_box                      |    <0.001 |
|     sbox_loop[8].s_box                       |    <0.001 |
|     sbox_loop[96].s_box                      |    <0.001 |
|   gen_rounds[5].gen_mixcols.mix_columns_inst |     0.002 |
|     DUT                                      |     0.002 |
|   gen_rounds[5].round_key_inst               |     0.016 |
|     DUT                                      |     0.016 |
|   gen_rounds[5].shift_rows_inst              |     0.005 |
|     DUT                                      |     0.005 |
|   gen_rounds[5].sub_bytes_inst               |     0.003 |
|     DUT                                      |     0.002 |
|     sbox_loop[0].s_box                       |    <0.001 |
|     sbox_loop[104].s_box                     |    <0.001 |
|     sbox_loop[112].s_box                     |    <0.001 |
|     sbox_loop[120].s_box                     |    <0.001 |
|     sbox_loop[16].s_box                      |    <0.001 |
|     sbox_loop[24].s_box                      |    <0.001 |
|     sbox_loop[32].s_box                      |    <0.001 |
|     sbox_loop[40].s_box                      |    <0.001 |
|     sbox_loop[48].s_box                      |    <0.001 |
|     sbox_loop[56].s_box                      |    <0.001 |
|     sbox_loop[64].s_box                      |    <0.001 |
|     sbox_loop[72].s_box                      |    <0.001 |
|     sbox_loop[80].s_box                      |    <0.001 |
|     sbox_loop[88].s_box                      |    <0.001 |
|     sbox_loop[8].s_box                       |    <0.001 |
|     sbox_loop[96].s_box                      |    <0.001 |
|   gen_rounds[6].gen_mixcols.mix_columns_inst |     0.002 |
|     DUT                                      |     0.002 |
|   gen_rounds[6].round_key_inst               |     0.016 |
|     DUT                                      |     0.016 |
|   gen_rounds[6].shift_rows_inst              |     0.006 |
|     DUT                                      |     0.006 |
|   gen_rounds[6].sub_bytes_inst               |     0.003 |
|     DUT                                      |     0.002 |
|     sbox_loop[0].s_box                       |    <0.001 |
|     sbox_loop[104].s_box                     |    <0.001 |
|     sbox_loop[112].s_box                     |    <0.001 |
|     sbox_loop[120].s_box                     |    <0.001 |
|     sbox_loop[16].s_box                      |    <0.001 |
|     sbox_loop[24].s_box                      |    <0.001 |
|     sbox_loop[32].s_box                      |    <0.001 |
|     sbox_loop[40].s_box                      |    <0.001 |
|     sbox_loop[48].s_box                      |    <0.001 |
|     sbox_loop[56].s_box                      |    <0.001 |
|     sbox_loop[64].s_box                      |    <0.001 |
|     sbox_loop[72].s_box                      |    <0.001 |
|     sbox_loop[80].s_box                      |    <0.001 |
|     sbox_loop[88].s_box                      |    <0.001 |
|     sbox_loop[8].s_box                       |    <0.001 |
|     sbox_loop[96].s_box                      |    <0.001 |
|   gen_rounds[7].gen_mixcols.mix_columns_inst |     0.002 |
|     DUT                                      |     0.002 |
|   gen_rounds[7].round_key_inst               |     0.016 |
|     DUT                                      |     0.016 |
|   gen_rounds[7].shift_rows_inst              |     0.006 |
|     DUT                                      |     0.006 |
|   gen_rounds[7].sub_bytes_inst               |     0.003 |
|     DUT                                      |     0.002 |
|     sbox_loop[0].s_box                       |    <0.001 |
|     sbox_loop[104].s_box                     |    <0.001 |
|     sbox_loop[112].s_box                     |    <0.001 |
|     sbox_loop[120].s_box                     |    <0.001 |
|     sbox_loop[16].s_box                      |    <0.001 |
|     sbox_loop[24].s_box                      |    <0.001 |
|     sbox_loop[32].s_box                      |    <0.001 |
|     sbox_loop[40].s_box                      |    <0.001 |
|     sbox_loop[48].s_box                      |    <0.001 |
|     sbox_loop[56].s_box                      |    <0.001 |
|     sbox_loop[64].s_box                      |    <0.001 |
|     sbox_loop[72].s_box                      |    <0.001 |
|     sbox_loop[80].s_box                      |    <0.001 |
|     sbox_loop[88].s_box                      |    <0.001 |
|     sbox_loop[8].s_box                       |    <0.001 |
|     sbox_loop[96].s_box                      |    <0.001 |
|   gen_rounds[8].gen_mixcols.mix_columns_inst |     0.002 |
|     DUT                                      |     0.002 |
|   gen_rounds[8].round_key_inst               |     0.017 |
|     DUT                                      |     0.017 |
|   gen_rounds[8].shift_rows_inst              |     0.005 |
|     DUT                                      |     0.005 |
|   gen_rounds[8].sub_bytes_inst               |     0.003 |
|     DUT                                      |     0.002 |
|     sbox_loop[0].s_box                       |    <0.001 |
|     sbox_loop[104].s_box                     |    <0.001 |
|     sbox_loop[112].s_box                     |    <0.001 |
|     sbox_loop[120].s_box                     |    <0.001 |
|     sbox_loop[16].s_box                      |    <0.001 |
|     sbox_loop[24].s_box                      |    <0.001 |
|     sbox_loop[32].s_box                      |    <0.001 |
|     sbox_loop[40].s_box                      |    <0.001 |
|     sbox_loop[48].s_box                      |    <0.001 |
|     sbox_loop[56].s_box                      |    <0.001 |
|     sbox_loop[64].s_box                      |    <0.001 |
|     sbox_loop[72].s_box                      |    <0.001 |
|     sbox_loop[80].s_box                      |    <0.001 |
|     sbox_loop[88].s_box                      |    <0.001 |
|     sbox_loop[8].s_box                       |    <0.001 |
|     sbox_loop[96].s_box                      |    <0.001 |
|   gen_rounds[9].gen_mixcols.mix_columns_inst |     0.003 |
|     DUT                                      |     0.003 |
|   gen_rounds[9].round_key_inst               |     0.017 |
|     DUT                                      |     0.017 |
|   gen_rounds[9].shift_rows_inst              |     0.006 |
|     DUT                                      |     0.006 |
|   gen_rounds[9].sub_bytes_inst               |     0.004 |
|     DUT                                      |     0.002 |
|     sbox_loop[0].s_box                       |    <0.001 |
|     sbox_loop[104].s_box                     |    <0.001 |
|     sbox_loop[112].s_box                     |    <0.001 |
|     sbox_loop[120].s_box                     |    <0.001 |
|     sbox_loop[16].s_box                      |    <0.001 |
|     sbox_loop[24].s_box                      |    <0.001 |
|     sbox_loop[32].s_box                      |    <0.001 |
|     sbox_loop[40].s_box                      |    <0.001 |
|     sbox_loop[48].s_box                      |    <0.001 |
|     sbox_loop[56].s_box                      |    <0.001 |
|     sbox_loop[64].s_box                      |    <0.001 |
|     sbox_loop[72].s_box                      |    <0.001 |
|     sbox_loop[80].s_box                      |    <0.001 |
|     sbox_loop[88].s_box                      |    <0.001 |
|     sbox_loop[8].s_box                       |    <0.001 |
|     sbox_loop[96].s_box                      |    <0.001 |
|   initial_round_key_inst                     |     0.008 |
|     DUT                                      |     0.008 |
+----------------------------------------------+-----------+


