SpyGlass run started at 07:32:23 AM on Sep 08 2025 

SpyGlass Predictive Analyzer(R) - Version SpyGlass_vL-2016.06
Last compiled on May 20 2016

All Rights Reserved. Use, disclosure or duplication
without prior written permission of Synopsys Inc. is prohibited.
Technical support: email spyglass_support@synopsys.com.


Running SpyGlass 64-bit Executable: /home/synopsys/SpyGlass-L2016.06/SPYGLASS_HOME/obj/check.Linux4

RULE-CHECKING IN MIXED MODE
Loading Policy: spyglass (Version: SpyGlass_vL-2016.06) from path: /home/synopsys/SpyGlass-L2016.06/SPYGLASS_HOME/policies/spyglass
Loading Shared library libspyglassrules-Linux4.spyso from /home/synopsys/SpyGlass-L2016.06/SPYGLASS_HOME/lib/libspyglassrules-Linux4.spyso 
Loading Shared library libsdcInitRules-Linux4.spyso from /home/synopsys/SpyGlass-L2016.06/SPYGLASS_HOME/lib/libsdcInitRules-Linux4.spyso 
Loading Shared library librmerules-Linux4.spyso from /home/synopsys/SpyGlass-L2016.06/SPYGLASS_HOME/lib/librmerules-Linux4.spyso 
##build_id : SpyGlass_vL-2016.06
##system   : Linux IC_EDA 3.10.0-1160.6.1.el7.x86_64 #1 SMP Tue Nov 17 13:59:11 UTC 2020 x86_64
##cwd      : /home/ICer/AES_Project/spy
##lang     : Verilog+VHDL
##args     : -mSpyGlass::Compatibility::v2_7_3 \
             -mSpyGlass::Compatibility::v2_7_3 \
             -mSpyGlass::Compatibility::v2_7_3 \
             -top 'AES_Encryption' \
             -lib WORK ./spyglass-1/AES_Encryption/WORK \
             -nl \
             -policy='none' \
             -mixed \
             -batch \
             -adc './spyglass-1/spyglass-1_adc_file.adc' \
             -wdir './spyglass-1/AES_Encryption/Design_Read' \
             -enableSV \
             -dbdir './spyglass-1/AES_Encryption/.SG_SaveRestoreDB' \
             -templatedir '/home/synopsys/SpyGlass-L2016.06/SPYGLASS_HOME/auxi/policy_data/spyglass/design_read' \
             --goal_info 'Design_Read@' \
             --template_info 'Design_Read' \
             -projectwdir './spyglass-1' \
             -enable_save_restore \
             -report_incr_messages \
             -enable_save_restore_builtin 'true' \
             -64bit  \
             ../AES_Encryption.v \
             ../DFF_128.v \
             ../Sbox.v \
             ../roundkey.v \
             ../mixcolumns.v \
             ../KeyExpansion.v \
             ../subbytes.v \
             ../shiftrows.v

##verbosity level   : 2
##exact cmdline arg : -batch -project spyglass-1.prj -designread  -64bit
##spyglass_run.csh begins :
;	cd /home/ICer/AES_Project/spy
;	setenv SPYGLASS_LD_PRELOAD /home/synopsys/SpyGlass-L2016.06/SPYGLASS_HOME/lib/libsgjemalloc-Linux4.so
;	setenv SPYGLASS_DW_PATH /home/synopsys/SpyGlass-L2016.06/SPYGLASS_HOME/dw_support
;	/home/synopsys/SpyGlass-L2016.06/SPYGLASS_HOME/bin/spyglass  -batch -project spyglass-1.prj -designread  -64bit
##spyglass_run.csh ends
##files    : ../AES_Encryption.v \
             ../DFF_128.v \
             ../Sbox.v \
             ../roundkey.v \
             ../mixcolumns.v \
             ../KeyExpansion.v \
             ../subbytes.v \
             ../shiftrows.v


INFO [76]    Using `./spyglass-1/AES_Encryption/WORK/64' as the Work Directory for 64bit precompiled dump.
Checking Rule ZeroSizeFile (Rule 1 of total 117) .... done (Time = 0.00s, Memory = 10.6K)
Checking Rule PrecompileLibCheck01 (Rule 2 of total 117) .... done (Time = 0.00s, Memory = 0.0K)
Checking Rule PrecompileLibCheck02 (Rule 3 of total 117) .... done (Time = 0.00s, Memory = 0.0K)
Checking Rule PrecompileLibCheck03 (Rule 4 of total 117) .... done (Time = 0.00s, Memory = -5.4K)
Checking Rule PrecompileLibCheck04 (Rule 5 of total 117) .... done (Time = 0.00s, Memory = -1.7K)
Checking Rule ElabSummary (Rule 6 of total 117)##FILEDEBUG[sgOpenFile]: Opening File './spyglass-1/AES_Encryption/Design_Read/spyglass_reports/SpyGlass/elab_summary.rpt' in "w" mode ...
 .... done (Time = 0.06s, Memory = 1.4K)
Checking Rule SGDC_assume_path01 (Rule 7 of total 117) .... done (Time = 0.00s, Memory = 0.0K)
Checking Rule SGDC_sdcschema02 (Rule 8 of total 117) .... done (Time = 0.00s, Memory = 0.0K)
Checking Rule SGDC_clock05 (Rule 9 of total 117) .... done (Time = 0.00s, Memory = 0.0K)
Checking Rule SGDC_clock09 (Rule 10 of total 117) .... done (Time = 0.00s, Memory = 0.0K)
Checking Rule SGDC_force_ta05 (Rule 11 of total 117) .... done (Time = 0.00s, Memory = 0.6K)
Checking Rule SGDC_require_path03 (Rule 12 of total 117) .... done (Time = 0.00s, Memory = -3.0K)
Checking Rule SGDC_require_value03 (Rule 13 of total 117) .... done (Time = 0.00s, Memory = 0.0K)
Checking Rule SGDC_voltagedomain05 (Rule 14 of total 117) .... done (Time = 0.00s, Memory = 0.0K)
Checking Rule SGDC_voltagedomain06 (Rule 15 of total 117) .... done (Time = 0.00s, Memory = 0.8K)
Checking Rule SGDC_voltagedomain07 (Rule 16 of total 117) .... done (Time = 0.00s, Memory = 0.0K)
Checking Rule SGDC_powerdomainoutputs02 (Rule 17 of total 117) .... done (Time = 0.00s, Memory = 0.0K)
Checking Rule SGDC_supply01 (Rule 18 of total 117) .... done (Time = 0.00s, Memory = 16.0K)
Checking Rule SGDC_waive01 (Rule 19 of total 117) .... done (Time = 0.00s, Memory = 0.0K)
Checking Rule SGDC_waive02 (Rule 20 of total 117) .... done (Time = 0.00s, Memory = 0.0K)
Checking Rule SGDC_waive03 (Rule 21 of total 117) .... done (Time = 0.00s, Memory = 0.0K)
Checking Rule SGDC_waive04 (Rule 22 of total 117) .... done (Time = 0.00s, Memory = 0.0K)
Checking Rule SGDC_waive05 (Rule 23 of total 117) .... done (Time = 0.00s, Memory = 0.0K)
Checking Rule SGDC_waive06 (Rule 24 of total 117) .... done (Time = 0.00s, Memory = 0.0K)
Checking Rule SGDC_waive07 (Rule 25 of total 117) .... done (Time = 0.00s, Memory = 0.0K)
Checking Rule SGDC_waive08 (Rule 26 of total 117) .... done (Time = 0.00s, Memory = 0.0K)
Checking Rule SGDC_waive09 (Rule 27 of total 117) .... done (Time = 0.00s, Memory = 0.0K)
Checking Rule SGDC_waive10 (Rule 28 of total 117) .... done (Time = 0.00s, Memory = 0.0K)
Checking Rule SGDC_waive11 (Rule 29 of total 117) .... done (Time = 0.00s, Memory = 0.0K)
Checking Rule SGDC_waive12 (Rule 30 of total 117) .... done (Time = 0.00s, Memory = -6.7K)
Checking Rule SGDC_waive13 (Rule 31 of total 117) .... done (Time = 0.00s, Memory = 0.0K)
Checking Rule SGDC_waive21 (Rule 32 of total 117) .... done (Time = 0.00s, Memory = 0.0K)
Checking Rule SGDC_waive22 (Rule 33 of total 117) .... done (Time = 0.00s, Memory = 0.0K)
Checking Rule SGDC_waive30 (Rule 34 of total 117) .... done (Time = 0.00s, Memory = 0.0K)
Checking Rule SGDC_waive32 (Rule 35 of total 117) .... done (Time = 0.00s, Memory = 0.0K)
Checking Rule SGDC_waive33 (Rule 36 of total 117) .... done (Time = 0.00s, Memory = 0.0K)
Checking Rule SGDC_waive36 (Rule 37 of total 117) .... done (Time = 0.00s, Memory = 0.0K)
Checking Rule SGDC_waive38 (Rule 38 of total 117) .... done (Time = 0.00s, Memory = 0.0K)
Checking Rule SGDC_fifo01 (Rule 39 of total 117) .... done (Time = 0.00s, Memory = 0.0K)
Checking Rule SGDC_libgroup01 (Rule 40 of total 117) .... done (Time = 0.00s, Memory = 0.0K)
Checking Rule SGDC_libgroup02 (Rule 41 of total 117) .... done (Time = 0.00s, Memory = 25.6K)
Checking Rule SGDC_libgroup04 (Rule 42 of total 117) .... done (Time = 0.00s, Memory = 0.0K)
Checking Rule SGDC_power_data01 (Rule 43 of total 117) .... done (Time = 0.01s, Memory = 0.0K)
Checking Rule SGDC_ungroup01 (Rule 44 of total 117) .... done (Time = 0.00s, Memory = 0.0K)
Checking Rule SGDC_abstract_port06 (Rule 45 of total 117) .... done (Time = 0.00s, Memory = -0.1K)
Checking Rule SGDC_abstract_port14 (Rule 46 of total 117) .... done (Time = 0.00s, Memory = 0.0K)
Checking Rule SGDC_abstract_port15 (Rule 47 of total 117) .... done (Time = 0.00s, Memory = 0.0K)
Checking Rule SGDC_abstract_port18 (Rule 48 of total 117) .... done (Time = 0.00s, Memory = 0.0K)
Checking Rule sdc_init_rule (Rule 49 of total 117) .... done (Time = 0.00s, Memory = 0.6K)
Checking Rule CMD_ignorelibs01 (Rule 50 of total 117) .... done (Time = 0.00s, Memory = 0.0K)
Checking Rule ReportRuleNotRun (Rule 51 of total 117) .... done (Time = 0.00s, Memory = 0.0K)
 Reading waiver file "./spyglass-1/AES_Encryption/Design_Read/spyglass_spysch/waiver/pragma2Waiver.swl" ...
 Reading included SGDC file "./spyglass-1/AES_Encryption/Design_Read/spyglass_spysch/waiver/pragma2Waiver_varfile.swl" ....
Checking Rule ReportStopSummary (Rule 52 of total 117) .... done (Time = 0.00s, Memory = 0.0K)
Checking Rule ReportIgnoreSummary (Rule 53 of total 117) .... done (Time = 0.00s, Memory = 2.3K)
##SGDEBUG [BENCHMARK_ABSOLUTE]: Restoring NOM started: 39 sec, 1430386 KB, 3347884 KB
##SGDEBUG [BENCHMARK_INCR]: Restoring NOM started: 39 sec, 1430386 KB, 3347884 KB

INFO [235]    Restoring design database from directory './spyglass-1/AES_Encryption/.SG_SaveRestoreDB/autogenerated__default_snapshot' ...
              done

##SGDEBUG [BENCHMARK_ABSOLUTE]: Restoring NOM completed: 39 sec, 1463517 KB, 3380652 KB
##SGDEBUG [BENCHMARK_INCR]: Restoring NOM completed: 0 sec, 33131 KB, 32768 KB
     (Memory Used = 33131.3K(incr), 1463517.5K(tot), Cpu Time = 0.34s(incr))
Checking Rule InferBlackBox (Rule 54 of total 117) .... done (Time = 0.00s, Memory = 0.0K)
##SGDEBUG [BENCHMARK_DATA]: Number of NOM Modules = 17
##SGDEBUG [BENCHMARK_DATA]: Number of NOM Instances = 5608
##SGDEBUG [BENCHMARK_DATA]: Number of NOM Nets = 16586
##SGDEBUG [BENCHMARK_DATA]: Number of NOM Terminals = 34931
##SGDEBUG [BENCHMARK_DATA]: Number of NOM Instances per Module (max and avg) = 3122, 329
##SGDEBUG [BENCHMARK_ABSOLUTE]: Restoring SDE Data started: 39 sec, 1463788 KB, 3380908 KB
##SGDEBUG [BENCHMARK_INCR]: Restoring SDE Data started: 0 sec, 271 KB, 256 KB
##SGDEBUG [BENCHMARK_ABSOLUTE]: Restoring SDE Data completed: 39 sec, 1465190 KB, 3380908 KB
##SGDEBUG [BENCHMARK_INCR]: Restoring SDE Data completed: 0 sec, 1402 KB, 0 KB
     (Memory Used = -15.0K(incr), 1465180.1K(tot), Cpu Time = 0.02s(incr))
Checking Rule SGDC_waive37 (Rule 55 of total 117) .... done (Time = 0.00s, Memory = 0.0K)
Checking Rule SGDC_waive24 (Rule 56 of total 117) .... done (Time = 0.00s, Memory = 0.0K)
Checking Rule SGDC_waive25 (Rule 57 of total 117) .... done (Time = 0.00s, Memory = 0.0K)
Checking Rule SGDC_waive31 (Rule 58 of total 117) .... done (Time = 0.00s, Memory = 0.0K)
Checking Rule SGDC_waive35 (Rule 59 of total 117) .... done (Time = 0.00s, Memory = 0.0K)
Checking Rule DetectTopDesignUnits (Rule 60 of total 117) Detected 1 top level design units: 
     AES_Encryption
 .... done (Time = 0.00s, Memory = 1.9K)
Checking Rule GenerateConfMap (Rule 61 of total 117) .... done (Time = 0.00s, Memory = 0.0K)
Performing semantic checks on SGDC contents
..... SGDC semantic checks completed. (Time = 0.10s, Memory = 55.1K)
Checking Rule SGDC_testmode03 (Rule 62 of total 117) .... done (Time = 0.00s, Memory = -9.1K)
Checking Rule CheckCelldefine (Rule 63 of total 117) .... done (Time = 0.00s, Memory = 0.0K)
Checking Rule checkSGDC_01 (Rule 64 of total 117) .... done (Time = 0.00s, Memory = 0.0K)
Checking Rule checkSGDC_03 (Rule 65 of total 117) .... done (Time = 0.00s, Memory = 0.0K)
Checking Rule checkSGDC_08 (Rule 66 of total 117) .... done (Time = 0.00s, Memory = 0.0K)
Checking Rule SGDC_memorywritepin04 (Rule 67 of total 117) .... done (Time = 0.00s, Memory = 15.0K)
Checking Rule SGDC_reset02 (Rule 68 of total 117) .... done (Time = 0.00s, Memory = 16.8K)
Checking Rule SGDC_reset03 (Rule 69 of total 117) .... done (Time = 0.01s, Memory = 0.0K)
Checking Rule SGDC_waive23 (Rule 70 of total 117) .... done (Time = 0.00s, Memory = -0.2K)
Checking Rule SGDC_waive26 (Rule 71 of total 117) .... done (Time = 0.00s, Memory = 0.0K)
Checking Rule SGDC_waive27 (Rule 72 of total 117) .... done (Time = 0.00s, Memory = 0.0K)
Checking Rule SGDC_waive29 (Rule 73 of total 117) .... done (Time = 0.00s, Memory = 0.0K)
Checking Rule SGDC_libgroup03 (Rule 74 of total 117) .... done (Time = 0.00s, Memory = 0.0K)
Checking Rule SGDC_ungroup02 (Rule 75 of total 117) .... done (Time = 0.00s, Memory = 0.0K)
Checking Rule _abstractPortSGDC (Rule 76 of total 117) .... done (Time = 0.00s, Memory = 0.5K)
Checking Rule SGDC_abstract_port03 (Rule 77 of total 117) .... done (Time = 0.00s, Memory = 0.0K)
Checking Rule SGDC_abstract_port04 (Rule 78 of total 117) .... done (Time = 0.00s, Memory = 0.0K)
Checking Rule SGDC_abstract_port05 (Rule 79 of total 117) .... done (Time = 0.00s, Memory = 0.0K)
Checking Rule SGDC_abstract_port07 (Rule 80 of total 117) .... done (Time = 0.00s, Memory = 0.0K)
Checking Rule SGDC_abstract_port08 (Rule 81 of total 117) .... done (Time = 0.00s, Memory = 0.0K)
Checking Rule SGDC_abstract_port10 (Rule 82 of total 117) .... done (Time = 0.00s, Memory = 0.0K)
Checking Rule SGDC_abstract_port11 (Rule 83 of total 117) .... done (Time = 0.00s, Memory = 0.0K)
Checking Rule SGDC_abstract_port12 (Rule 84 of total 117) .... done (Time = 0.00s, Memory = 0.0K)
Checking Rule SGDC_abstract_port13 (Rule 85 of total 117) .... done (Time = 0.00s, Memory = 0.4K)
Checking Rule ReportUngroup (Rule 86 of total 117) .... done (Time = 0.00s, Memory = 0.0K)
Checking Rule SGDC_abstract_port21 (Rule 87 of total 117) .... done (Time = 0.00s, Memory = 0.0K)
##SGDEBUG [BENCHMARK_ABSOLUTE]: VS rule checking finished...: 40 sec, 1468374 KB, 3383980 KB
##SGDEBUG [BENCHMARK_INCR]: VS rule checking finished...: 1 sec, 3184 KB, 3072 KB
##SGDEBUG [BENCHMARK_ABSOLUTE]: Flattening started: 41 sec, 1469829 KB, 3385260 KB
##SGDEBUG [BENCHMARK_INCR]: Flattening started: 1 sec, 1455 KB, 1280 KB
 Flattening AES_Encryption (.lib instances separately flattened) ....
    69% completed (50000 instances created)
     (Memory Used = 36447.1K(incr), 1506292.9K(tot), Cpu Time = 6.12s(incr))
 Flattening completed
##SGDEBUG [BENCHMARK_DATA]: Number of Flat Instances = 72010
##SGDEBUG [BENCHMARK_DATA]: Number of Flat Nets = 72268
##SGDEBUG [BENCHMARK_DATA]: Number of Flat Terms = 723708
##SGDEBUG [BENCHMARK_DATA]: Number of Flat Paths = 301
##SGDEBUG [BENCHMARK_DATA]: Number of Flat Ports = 389
##SGDEBUG [BENCHMARK_DATA]: Number of Black-Box Instances = 0
##SGDEBUG [BENCHMARK_DATA]: Number of Lib Instances = 0
##SGDEBUG [BENCHMARK_DATA]: Number of ILM Instances = 0
##SGDEBUG [BENCHMARK_ABSOLUTE]: Flattening finished: 47 sec, 1506292 KB, 3414956 KB
##SGDEBUG [BENCHMARK_INCR]: Flattening finished: 6 sec, 36463 KB, 29696 KB
Checking Rule AnalyzeBBox (Rule 88 of total 117) .... done (Time = 0.00s, Memory = 0.2K)
Checking Rule ReportCheckDataSummary (Rule 89 of total 117) .... done (Time = 0.00s, Memory = 0.4K)

Applying user specified and internally generated waivers on violation database .... done (Time = 0.02s)

Generating Incremental View  ....

Generating data for Console...
##SGDEBUG [PEAK_MEMORY]: 3420588 KB for entire run at 'just before destroying nvn arrays in flattener' stage
##SGDEBUG [VMPEAK_MEMORY]: 3476084 KB for entire run
##SGDEBUG [BENCHMARK_ABSOLUTE]: Rule checking finished: 48 sec, 1505276 KB, 3415696 KB
##SGDEBUG [BENCHMARK_INCR]: Rule checking finished: 1 sec, -1016 KB, 740 KB


=====================================================================================
							Rule Parameter Table
=====================================================================================

	PARAMETER-NAME                                     VALUE
-------------------------------------------------------------------------------------
	-allow_clock_on_output_port                        no
	-check_clock_group_violations                      no
	-debug_proc                                        no
	-force_genclk_for_txv                              no
	-library_gen_clock_naming                          yes
	-netlist_clock_polarity                            yes
	-populate_comboelements_for_minmax_in_fromto       no
	-preserve_path                                     no
	-pt                                                yes
	-show_all_sdc_violations                           no
	-show_sdc_progress                                 no
	-suppress_sdc_violation_in_abstract                no
	-tc_disable_caching                                no
	-tc_stop_parsing_ignored_commands                  no
	-truncate_through                                  yes
	-write_sdc                                         no
=====================================================================================



=====================================================================================
                               Rule Status Table

 RULE-NAME                      POLICY-NAME     ENABLED VIOL-CNT RULE-TYPE   ERROR-MSG         
=====================================================================================
 ElabSummary                    SpyGlass        Yes            1 SETUP          -               
 DetectTopDesignUnits           SpyGlass        Yes            1 SETUP          -               
-------------------------------------------------------------------------------------
Note: VSDU type of rules (as seen in the above table) are not run on
      unsynthesized modules reported by 'ErrorAnalyzeBBox/InfoAnalyzeBBox' messages
      (Please see messages starting with keyword 'UnsynthesizedDU')

##status : SpyGlass Rule Checking Complete.

---------------------------------------------------------------------------------------------
Results Summary:
---------------------------------------------------------------------------------------------
   Goal Run           :      Design_Read
   Command-line read  :      0 error,      0 warning,      0 information message 
   Design Read        :      0 error,      0 warning,      2 information messages
      Found 1 top module:
         AES_Encryption   (file: ../AES_Encryption.v)

   Blackbox Resolution:      0 error,      0 warning,      0 information message 
   SGDC Checks        :      0 error,      0 warning,      0 information message 
   -------------------------------------------------------------------------------------
   Total              :      0 error,      0 warning,      2 information messages

  Total Number of Generated Messages        :         2 (0 error, 0 warning, 2 Infos)
  Number of Reported Messages (New)         :         0 (0 error, 0 warning, 0 Info)
  Number of Reported Messages (PreExisting) :         2 (0 error, 0 warning, 2 Infos)
  Number of Reported Messages (Fixed)       :         0

---------------------------------------------------------------------------------------------



SpyGlass Rule Checking Complete.

Generating moresimple report from './spyglass-1/AES_Encryption/Design_Read/spyglass.vdb' to './spyglass-1/AES_Encryption/Design_Read/spyglass_reports/moresimple.rpt' ....

Generating runsummary report from './spyglass-1/AES_Encryption/Design_Read/spyglass.vdb' ....

Generating no_msg_reporting_rules report from './spyglass-1/AES_Encryption/Design_Read/spyglass.vdb' to './spyglass-1/AES_Encryption/Design_Read/spyglass_reports/no_msg_reporting_rules.rpt' ....

Policy specific data (reports) are present in the directory './spyglass-1/AES_Encryption/Design_Read/spyglass_reports'.

SpyGlass critical reports for the current run are present in directory './spyglass-1/consolidated_reports/AES_Encryption_Design_Read/'.


---------------------------------------------------------------------------------------------------
Results Summary:
---------------------------------------------------------------------------------------------------
   Goal Run           :      Design_Read
   Top Module         :      AES_Encryption
---------------------------------------------------------------------------------------------------
   Reports Directory: 
   /home/ICer/AES_Project/spy/spyglass-1/consolidated_reports/AES_Encryption_Design_Read/ 

   SpyGlass LogFile: 
    /home/ICer/AES_Project/spy/spyglass-1/AES_Encryption/Design_Read/spyglass.log 

   Standard Reports: 
     moresimple.rpt          no_msg_reporting_rules.rpt       

   HTML report:
    /home/ICer/AES_Project/spy/spyglass-1/html_reports/goals_summary.html
  

   Technology Reports:  
     <Not Available>
   
   
---------------------------------------------------------------------------------------------------
   Goal Violation Summary:
       Waived   Messages:                      0 Errors,      0 Warnings,      0 Infos
       Reported Messages:         0 Fatals,    0 Errors,      0 Warnings,      2 Infos
---------------------------------------------------------------------------------------------------
   
---------------------------------------------------------------------------------------------------
 
SpyGlass Exit Code 0 (Rule-checking completed without errors or warnings)
SpyGlass total run-time is 0:0:35 (35 secs)
SpyGlass run completed at 08:39:17 AM on Sep 08 2025
