
################################################################################
#
# This file has been generated by SpyGlass:
#     Report Name      : no_msg_reporting_rules
#     Report Created by: ICer
#     Report Created on:  Mon Sep  8 08:38:58 2025
#     Working Directory: /home/ICer/AES_Project/spy
#     SpyGlass Version : SpyGlass_vL-2016.06
#     Policy Name      : SpyGlass(SpyGlass_vL-2016.06)
#
#     Total Number of Generated Messages        :          2
#     Number of Waived Messages                 :          0
#     Number of Reported Messages (New)         :          0
#     Number of Reported Messages (PreExisting) :          2
#     Number of Reported Messages (Fixed)       :          0
#     Number of Overlimit Messages              :          0
#
#
################################################################################

NO VIOLATION RULE REPORT :
++++++++++++++++++++++++++++++++++++++++++++++++++++++++++++++++++++++++++++++++

Following rules did not produce any violation or waived off during spyglass run

++++++++++++++++++++++++++++++++++++++++++++++++++++++++++++++++++++++++++++++++


================================================================================
	INDEX                                   RULE-NAME
================================================================================
	1                                  ZeroSizeFile
================================================================================
