################################################################################
#
# This file has been generated by SpyGlass:
#     Report Created by: ICer
#     Report Created on: Mon Sep  8 08:43:12 2025
#     Working Directory: /home/ICer/AES_Project/spy
#     Report Location  : ./spyglass-1/AES_Encryption/lint/lint_rtl/spyglass_reports/SpyGlass/elab_summary.rpt
#     SpyGlass Version : SpyGlass_vL-2016.06
#     Policy Name      : SpyGlass(SpyGlass_vL-2016.06)
#     Comment          : This report contains RTL and Elaborated names along with parameter values
#
################################################################################

================================================================================
Elaborated Name: 'roundkey'
    (RTL Design Unit name: 'roundkey', ../roundkey.v:3)
     Parameters (Total: 0)
     Instances (Total: 11): AES_Encryption.\gen_rounds[5].round_key_inst , AES_Encryption.\gen_rounds[4].round_key_inst , AES_Encryption.\gen_rounds[3].round_key_inst , AES_Encryption.\gen_rounds[2].round_key_inst , AES_Encryption.\gen_rounds[1].round_key_inst   ... more

================================================================================

Elaborated Name: 'DFF_128'
    (RTL Design Unit name: 'DFF_128', ../DFF_128.v:1)
     Parameters (Total: 0)
     Instances (Total: 50): AES_Encryption.\gen_key_expansion[5].key_exp_inst .DUT, AES_Encryption.\gen_key_expansion[4].key_exp_inst .DUT, AES_Encryption.\gen_key_expansion[3].key_exp_inst .DUT, AES_Encryption.\gen_key_expansion[2].key_exp_inst .DUT, AES_Encryption.\gen_key_expansion[1].key_exp_inst .DUT  ... more

================================================================================

Elaborated Name: 'WORK_KeyExpansion_1'
    (RTL Design Unit name: 'KeyExpansion', ../KeyExpansion.v:2)
     Parameters (Total: 1)
         g = 1 (default: 8'h01)
     Instances (Total: 1): AES_Encryption.\gen_key_expansion[1].key_exp_inst  

================================================================================

Elaborated Name: 'Sbox'
    (RTL Design Unit name: 'Sbox', ../Sbox.v:2)
     Parameters (Total: 0)
     Instances (Total: 200): AES_Encryption.\gen_key_expansion[2].key_exp_inst .\sbox_loop[8].s_box , AES_Encryption.\gen_key_expansion[2].key_exp_inst .\sbox_loop[0].s_box , AES_Encryption.\gen_key_expansion[1].key_exp_inst .\sbox_loop[24].s_box , AES_Encryption.\gen_key_expansion[1].key_exp_inst .\sbox_loop[16].s_box , AES_Encryption.\gen_key_expansion[1].key_exp_inst .\sbox_loop[8].s_box   ... more

================================================================================

Elaborated Name: 'WORK_KeyExpansion_2'
    (RTL Design Unit name: 'KeyExpansion', ../KeyExpansion.v:2)
     Parameters (Total: 1)
         g = 2 (default: 8'h01)
     Instances (Total: 1): AES_Encryption.\gen_key_expansion[2].key_exp_inst  

================================================================================

Elaborated Name: 'WORK_KeyExpansion_4'
    (RTL Design Unit name: 'KeyExpansion', ../KeyExpansion.v:2)
     Parameters (Total: 1)
         g = 4 (default: 8'h01)
     Instances (Total: 1): AES_Encryption.\gen_key_expansion[3].key_exp_inst  

================================================================================

Elaborated Name: 'WORK_KeyExpansion_8'
    (RTL Design Unit name: 'KeyExpansion', ../KeyExpansion.v:2)
     Parameters (Total: 1)
         g = 8 (default: 8'h01)
     Instances (Total: 1): AES_Encryption.\gen_key_expansion[4].key_exp_inst  

================================================================================

Elaborated Name: 'WORK_KeyExpansion_16'
    (RTL Design Unit name: 'KeyExpansion', ../KeyExpansion.v:2)
     Parameters (Total: 1)
         g = 16 (default: 8'h01)
     Instances (Total: 1): AES_Encryption.\gen_key_expansion[5].key_exp_inst  

================================================================================

Elaborated Name: 'WORK_KeyExpansion_32'
    (RTL Design Unit name: 'KeyExpansion', ../KeyExpansion.v:2)
     Parameters (Total: 1)
         g = 32 (default: 8'h01)
     Instances (Total: 1): AES_Encryption.\gen_key_expansion[6].key_exp_inst  

================================================================================

Elaborated Name: 'WORK_KeyExpansion_64'
    (RTL Design Unit name: 'KeyExpansion', ../KeyExpansion.v:2)
     Parameters (Total: 1)
         g = 64 (default: 8'h01)
     Instances (Total: 1): AES_Encryption.\gen_key_expansion[7].key_exp_inst  

================================================================================

Elaborated Name: 'WORK_KeyExpansion_128'
    (RTL Design Unit name: 'KeyExpansion', ../KeyExpansion.v:2)
     Parameters (Total: 1)
         g = 128 (default: 8'h01)
     Instances (Total: 1): AES_Encryption.\gen_key_expansion[8].key_exp_inst  

================================================================================

Elaborated Name: 'WORK_KeyExpansion_27'
    (RTL Design Unit name: 'KeyExpansion', ../KeyExpansion.v:2)
     Parameters (Total: 1)
         g = 27 (default: 8'h01)
     Instances (Total: 1): AES_Encryption.\gen_key_expansion[9].key_exp_inst  

================================================================================

Elaborated Name: 'WORK_KeyExpansion_54'
    (RTL Design Unit name: 'KeyExpansion', ../KeyExpansion.v:2)
     Parameters (Total: 1)
         g = 54 (default: 8'h01)
     Instances (Total: 1): AES_Encryption.\gen_key_expansion[10].key_exp_inst  

================================================================================

Elaborated Name: 'subbytes'
    (RTL Design Unit name: 'subbytes', ../subbytes.v:3)
     Parameters (Total: 0)
     Instances (Total: 10): AES_Encryption.\gen_rounds[6].sub_bytes_inst , AES_Encryption.\gen_rounds[5].sub_bytes_inst , AES_Encryption.\gen_rounds[4].sub_bytes_inst , AES_Encryption.\gen_rounds[3].sub_bytes_inst , AES_Encryption.\gen_rounds[2].sub_bytes_inst   ... more

================================================================================

Elaborated Name: 'shiftrows'
    (RTL Design Unit name: 'shiftrows', ../shiftrows.v:3)
     Parameters (Total: 0)
     Instances (Total: 10): AES_Encryption.\gen_rounds[6].shift_rows_inst , AES_Encryption.\gen_rounds[5].shift_rows_inst , AES_Encryption.\gen_rounds[4].shift_rows_inst , AES_Encryption.\gen_rounds[3].shift_rows_inst , AES_Encryption.\gen_rounds[2].shift_rows_inst   ... more

================================================================================

Elaborated Name: 'mixcolumns'
    (RTL Design Unit name: 'mixcolumns', ../mixcolumns.v:3)
     Parameters (Total: 0)
     Instances (Total: 9): AES_Encryption.\gen_rounds[6].gen_mixcols.mix_columns_inst , AES_Encryption.\gen_rounds[5].gen_mixcols.mix_columns_inst , AES_Encryption.\gen_rounds[4].gen_mixcols.mix_columns_inst , AES_Encryption.\gen_rounds[3].gen_mixcols.mix_columns_inst , AES_Encryption.\gen_rounds[2].gen_mixcols.mix_columns_inst   ... more

================================================================================

Elaborated Name: 'AES_Encryption'
    (RTL Design Unit name: 'AES_Encryption', ../AES_Encryption.v:3)
     Parameters (Total: 1)
         NUM_ROUNDS = 10 (default: 10)
================================================================================
