
################################################################################
#
# This file has been generated by SpyGlass:
#     Report Name      : moresimple
#     Report Created by: ICer
#     Report Created on: Mon Sep  8 08:17:13 2025
#     Working Directory: /home/ICer/AES_Project/spy
#     SpyGlass Version : SpyGlass_vL-2016.06
#     Policy Name      : SpyGlass(SpyGlass_vL-2016.06)
#                        auto-verify(SpyGlass_vL-2016.06)
#                        erc(SpyGlass_vL-2016.06)
#                        latch(SpyGlass_vL-2016.06)
#                        lint(SpyGlass_vL-2016.06)
#                        morelint(SpyGlass_vL-2016.06)
#                        openmore(SpyGlass_vL-2016.06)
#                        simulation(SpyGlass_vL-2016.06)
#                        starc(SpyGlass_vL-2016.06)
#                        starc2005(SpyGlass_vL-2016.06)
#                        timing(SpyGlass_vL-2016.06)
#
#     Total Number of Generated Primary Messages   :         12
#     Total Number of Generated Secondary Messages :          0
#     Number of Waived Primary Messages            :          0
#     Number of Waived Secondary Messages          :          0
#     Number of Reported Primary Messages          :         12
#     Number of Overlimit Messages                 :          0
#
#
################################################################################

++++++++++++++++++++++++++++++++++++++++++++++++++++++++++++++++++++++++++++++++++++++++++++++++++++++++++++++++
MORESIMPLE REPORT:
############### FATAL MESSAGES ############### 
++++++++++++++++++++++++++++++++++++++++++++++++++++++++++++++++++++++++++++++++++++++++++++++++++++++++++++++++++
ID       Rule         Alias    Severity    File                   Line    Wt    Secondary Msg Count    Message
========================================================================================================================
[E]      Av_init01             Fatal       ../AES_Encryption.v    3       10    NA                     Could not find clocks for all the flops. Please add clock SGDC constraint to the design
+++++++++++++++++++++++++++++++++++++++++++++++++++++++++++++++++++++++++++++++++++++++++++++++++++++++++++++++++++++++


############### BuiltIn -> RuleGroup=Design Read ###############
++++++++++++++++++++++++++++++++++++++++++++++++++++++++++++++++++++++++++++++++++++++++++++++++++++++++++++++++++++++++
ID       Rule                             Alias                            Severity    File                                                                                          Line    Wt    Secondary Msg Count    Message
========================================================================================================================
[A]      DetectTopDesignUnits             DetectTopDesignUnits             Info        ../AES_Encryption.v                                                                           3       2     NA                     Module AES_Encryption is a top level design unit
[0]      ReportIgnoredOverlappingRules    ReportIgnoredOverlappingRules    Warning     N.A.                                                                                          0       10    NA                     Rule 'STARC05-2.1.3.1 (verilog)' not run (subset of rule 'Av_width_mismatch_function (mixed)')
[1]      ReportIgnoredOverlappingRules    ReportIgnoredOverlappingRules    Warning     N.A.                                                                                          0       10    NA                     Rule 'STARC05-2.10.3.2a (verilog)' not run (subset of rule 'Av_width_mismatch_expr (mixed)')
[2]      ReportIgnoredOverlappingRules    ReportIgnoredOverlappingRules    Warning     N.A.                                                                                          0       10    NA                     Rule 'W110 (verilog)' not run (subset of rule 'Av_width_mismatch_port (mixed)')
[3]      ReportIgnoredOverlappingRules    ReportIgnoredOverlappingRules    Warning     N.A.                                                                                          0       10    NA                     Rule 'W116 (verilog)' not run (subset of rule 'Av_width_mismatch_expr02 (mixed)')
[4]      ReportIgnoredOverlappingRules    ReportIgnoredOverlappingRules    Warning     N.A.                                                                                          0       10    NA                     Rule 'W263 (verilog)' not run (subset of rule 'Av_width_mismatch_case (mixed)')
[5]      ReportIgnoredOverlappingRules    ReportIgnoredOverlappingRules    Warning     N.A.                                                                                          0       10    NA                     Rule 'W362 (verilog)' not run (subset of rule 'Av_width_mismatch_expr03 (mixed)')
[6]      ReportIgnoredOverlappingRules    ReportIgnoredOverlappingRules    Warning     N.A.                                                                                          0       10    NA                     Rule 'W467 (verilog)' not run (subset of rule 'Av_dontcare_mismatch (mixed)')
[7]      ReportIgnoredOverlappingRules    ReportIgnoredOverlappingRules    Warning     N.A.                                                                                          0       10    NA                     Rule 'W71 (verilog)' not run (subset of rule 'Av_case_default_missing (mixed)')
[9]      ElabSummary                      ElabSummary                      Info        ./spyglass-1/AES_Encryption/lint/lint_turbo_rtl/spyglass_reports/SpyGlass/elab_summary.rpt    0       2     NA                     Please refer file './spyglass-1/AES_Encryption/lint/lint_turbo_rtl/spyglass_reports/SpyGlass/elab_summary.rpt' for elab summary report
[8]      TurboModeStatus                  TurboModeStatus                  Info        N.A.                                                                                          0       10    NA                     Turbo-Mode is enabled in the current run as turbo_struct license feature successfully checked out
+++++++++++++++++++++++++++++++++++++++++++++++++++++++++++++++++++++++++++++++++++++++++++++++++++++++++++++++++++++++
