
################################################################################
#
# This file has been generated by SpyGlass:
#     Report Name      : no_msg_reporting_rules
#     Report Created by: ICer
#     Report Created on:  Mon Sep  8 08:17:13 2025
#     Working Directory: /home/ICer/AES_Project/spy
#     SpyGlass Version : SpyGlass_vL-2016.06
#     Policy Name      : SpyGlass(SpyGlass_vL-2016.06)
#                        auto-verify(SpyGlass_vL-2016.06)
#                        erc(SpyGlass_vL-2016.06)
#                        latch(SpyGlass_vL-2016.06)
#                        lint(SpyGlass_vL-2016.06)
#                        morelint(SpyGlass_vL-2016.06)
#                        openmore(SpyGlass_vL-2016.06)
#                        simulation(SpyGlass_vL-2016.06)
#                        starc(SpyGlass_vL-2016.06)
#                        starc2005(SpyGlass_vL-2016.06)
#                        timing(SpyGlass_vL-2016.06)
#
#     Total Number of Generated Messages :         12
#     Number of Waived Messages          :          0
#     Number of Reported Messages        :         12
#     Number of Overlimit Messages       :          0
#
#
################################################################################

NO VIOLATION RULE REPORT :
++++++++++++++++++++++++++++++++++++++++++++++++++++++++++++++++++++++++++++++++

Following rules did not produce any violation or waived off during spyglass run

++++++++++++++++++++++++++++++++++++++++++++++++++++++++++++++++++++++++++++++++


================================================================================
	INDEX                                   RULE-NAME
================================================================================
	1                                  Av_Info_Case_Analysis
	2                                  Av_case_default_missing
	3                                  Av_dontcare_mismatch
	4                                  Av_signed_unsigned_mismatch
	5                                  Av_width_mismatch_assign
	6                                  Av_width_mismatch_case
	7                                  Av_width_mismatch_expr
	8                                  Av_width_mismatch_expr02
	9                                  Av_width_mismatch_expr03
	10                                 Av_width_mismatch_function
	11                                 Av_width_mismatch_port
	12                                 BlockHeader
	13                                 BufClock
	14                                 CheckDelayTimescale-ML
	15                                 CombLoop
	16                                 LatchFeedback
	17                                 NoAssignX-ML
	18                                 NoXInCase-ML
	19                                 ParamWidthMismatch-ML
	20                                 STARC05-1.2.1.2
	21                                 STARC05-2.1.4.5
	22                                 STARC05-2.1.5.3
	23                                 STARC05-2.1.6.5
	24                                 STARC05-2.10.1.4a
	25                                 STARC05-2.10.1.4b
	26                                 STARC05-2.10.2.3
	27                                 STARC05-2.11.3.1
	28                                 STARC05-2.2.3.3
	29                                 STARC05-2.3.1.2c
	30                                 STARC05-2.3.1.5b
	31                                 STARC05-2.3.1.6
	32                                 STARC05-2.3.3.1
	33                                 STARC05-2.3.4.1v
	34                                 STARC05-2.4.1.5
	35                                 STARC05-2.5.1.2
	36                                 STARC05-2.5.1.7
	37                                 STARC05-2.5.1.9
	38                                 UndrivenInTerm-ML
	39                                 W110a
	40                                 W116
	41                                 W122
	42                                 W123
	43                                 W156
	44                                 W19
	45                                 W215
	46                                 W216
	47                                 W218
	48                                 W224
	49                                 W240
	50                                 W287a
	51                                 W287b
	52                                 W289
	53                                 W292
	54                                 W293
	55                                 W317
	56                                 W336
	57                                 W337
	58                                 W339a
	59                                 W352
	60                                 W392
	61                                 W398
	62                                 W414
	63                                 W415
	64                                 W415a
	65                                 W416
	66                                 W421
	67                                 W422
	68                                 W424
	69                                 W426
	70                                 W442a
	71                                 W442b
	72                                 W442c
	73                                 W442f
	74                                 W450L
	75                                 W467
	76                                 W480
	77                                 W481a
	78                                 W481b
	79                                 W486
	80                                 W496a
	81                                 W496b
	82                                 W499
	83                                 W502
	84                                 W505
	85                                 W528
	86                                 W66
	87                                 W71
	88                                 badimplicitSM1
	89                                 badimplicitSM2
	90                                 badimplicitSM4
	91                                 bothedges
	92                                 mixedsenselist
	93                                 sim_race02
================================================================================
