Loading db file '/home/ICer/PDK/SAED14_EDK/SAED14nm_EDK_STD_LVT/liberty/nldm/base/saed14lvt_base_tt0p8v25c.db'
Information: Propagating switching activity (low effort zero delay simulation). (PWR-6)
Warning: Design has unannotated primary inputs. (PWR-414)
Warning: Design has unannotated sequential cell outputs. (PWR-415)
 
****************************************
Report : power
        -hier
        -analysis_effort low
Design : AES_Encryption
Version: O-2018.06-SP1
Date   : Mon Sep  8 11:06:31 2025
****************************************


Library(s) Used:

    saed14lvt_base_tt0p8v25c (File: /home/ICer/PDK/SAED14_EDK/SAED14nm_EDK_STD_LVT/liberty/nldm/base/saed14lvt_base_tt0p8v25c.db)


Operating Conditions: tt0p8v25c   Library: saed14lvt_base_tt0p8v25c
Wire Load Model Mode: top

Design        Wire Load Model            Library
------------------------------------------------
AES_Encryption         70000             saed14lvt_base_tt0p8v25c


Global Operating Voltage = 0.8  
Power-specific unit information :
    Voltage Units = 1V
    Capacitance Units = 1.000000pf
    Time Units = 1ns
    Dynamic Power Units = 1mW    (derived from V,C,T units)
    Leakage Power Units = 1pW


--------------------------------------------------------------------------------
                                       Switch   Int      Leak     Total
Hierarchy                              Power    Power    Power    Power    %
--------------------------------------------------------------------------------
AES_Encryption                           27.020   19.311 1.19e+08   46.450 100.0
  gen_rounds[10].round_key_inst (roundkey_1)
                                       9.02e-02    0.339 6.30e+05    0.430   0.9
    DUT (DFF_128_1)                    5.29e-02    0.314 4.11e+05    0.367   0.8
  gen_rounds[10].shift_rows_inst (shiftrows_1)
                                       5.92e-02    0.315 4.13e+05    0.375   0.8
    DUT (DFF_128_2)                    5.82e-02    0.315 4.12e+05    0.374   0.8
  gen_rounds[10].sub_bytes_inst (subbytes_1)
                                          1.765    0.536 7.45e+06    2.309   5.0
    DUT (DFF_128_3)                    5.80e-02    0.339 4.29e+05    0.398   0.9
    sbox_loop[120].s_box (Sbox_1)         0.104 1.20e-02 4.39e+05    0.116   0.3
    sbox_loop[112].s_box (Sbox_2)         0.105 1.24e-02 4.39e+05    0.118   0.3
    sbox_loop[104].s_box (Sbox_3)         0.105 1.23e-02 4.39e+05    0.118   0.3
    sbox_loop[96].s_box (Sbox_4)          0.105 1.22e-02 4.39e+05    0.117   0.3
    sbox_loop[88].s_box (Sbox_5)          0.108 1.24e-02 4.39e+05    0.121   0.3
    sbox_loop[80].s_box (Sbox_6)          0.105 1.21e-02 4.39e+05    0.118   0.3
    sbox_loop[72].s_box (Sbox_7)          0.109 1.25e-02 4.39e+05    0.122   0.3
    sbox_loop[64].s_box (Sbox_8)          0.104 1.22e-02 4.39e+05    0.116   0.3
    sbox_loop[56].s_box (Sbox_9)          0.107 1.25e-02 4.39e+05    0.120   0.3
    sbox_loop[48].s_box (Sbox_10)         0.111 1.29e-02 4.39e+05    0.124   0.3
    sbox_loop[40].s_box (Sbox_11)         0.110 1.28e-02 4.39e+05    0.123   0.3
    sbox_loop[32].s_box (Sbox_12)         0.110 1.27e-02 4.39e+05    0.123   0.3
    sbox_loop[24].s_box (Sbox_13)         0.103 1.18e-02 4.39e+05    0.115   0.2
    sbox_loop[16].s_box (Sbox_14)         0.107 1.21e-02 4.39e+05    0.119   0.3
    sbox_loop[8].s_box (Sbox_15)          0.107 1.25e-02 4.39e+05    0.120   0.3
    sbox_loop[0].s_box (Sbox_16)          0.106 1.19e-02 4.39e+05    0.118   0.3
  gen_rounds[9].round_key_inst (roundkey_2)
                                          0.193    0.335 6.30e+05    0.529   1.1
    DUT (DFF_128_4)                       0.158    0.311 4.11e+05    0.469   1.0
  gen_rounds[9].gen_mixcols.mix_columns_inst (mixcolumns_1)
                                          0.142    0.369 1.10e+06    0.512   1.1
    DUT (DFF_128_5)                    5.54e-02    0.311 4.11e+05    0.367   0.8
  gen_rounds[9].shift_rows_inst (shiftrows_2)
                                          0.157    0.313 4.12e+05    0.471   1.0
    DUT (DFF_128_6)                       0.157    0.313 4.11e+05    0.470   1.0
  gen_rounds[9].sub_bytes_inst (subbytes_2)
                                          1.739    0.527 7.46e+06    2.273   4.9
    DUT (DFF_128_7)                    5.79e-02    0.337 4.27e+05    0.395   0.9
    sbox_loop[120].s_box (Sbox_17)        0.103 1.16e-02 4.39e+05    0.115   0.2
    sbox_loop[112].s_box (Sbox_18)        0.104 1.16e-02 4.39e+05    0.116   0.2
    sbox_loop[104].s_box (Sbox_19)        0.104 1.18e-02 4.39e+05    0.117   0.3
    sbox_loop[96].s_box (Sbox_20)      9.98e-02 1.15e-02 4.39e+05    0.112   0.2
    sbox_loop[88].s_box (Sbox_21)         0.107 1.23e-02 4.39e+05    0.120   0.3
    sbox_loop[80].s_box (Sbox_22)         0.105 1.19e-02 4.39e+05    0.118   0.3
    sbox_loop[72].s_box (Sbox_23)         0.107 1.22e-02 4.39e+05    0.120   0.3
    sbox_loop[64].s_box (Sbox_24)         0.108 1.21e-02 4.39e+05    0.120   0.3
    sbox_loop[56].s_box (Sbox_25)         0.101 1.17e-02 4.39e+05    0.113   0.2
    sbox_loop[48].s_box (Sbox_26)         0.105 1.20e-02 4.39e+05    0.117   0.3
    sbox_loop[40].s_box (Sbox_27)         0.102 1.18e-02 4.39e+05    0.114   0.2
    sbox_loop[32].s_box (Sbox_28)         0.104 1.20e-02 4.39e+05    0.117   0.3
    sbox_loop[24].s_box (Sbox_29)         0.107 1.17e-02 4.40e+05    0.119   0.3
    sbox_loop[16].s_box (Sbox_30)         0.107 1.19e-02 4.40e+05    0.119   0.3
    sbox_loop[8].s_box (Sbox_31)          0.107 1.20e-02 4.40e+05    0.119   0.3
    sbox_loop[0].s_box (Sbox_32)          0.109 1.20e-02 4.40e+05    0.121   0.3
  gen_rounds[8].round_key_inst (roundkey_3)
                                          0.198    0.337 6.31e+05    0.536   1.2
    DUT (DFF_128_8)                       0.162    0.312 4.12e+05    0.475   1.0
  gen_rounds[8].gen_mixcols.mix_columns_inst (mixcolumns_2)
                                          0.134    0.360 1.10e+06    0.495   1.1
    DUT (DFF_128_9)                    5.25e-02    0.307 4.11e+05    0.360   0.8
  gen_rounds[8].shift_rows_inst (shiftrows_3)
                                          0.151    0.310 4.12e+05    0.462   1.0
    DUT (DFF_128_10)                      0.150    0.310 4.11e+05    0.461   1.0
  gen_rounds[8].sub_bytes_inst (subbytes_3)
                                          1.748    0.527 7.46e+06    2.283   4.9
    DUT (DFF_128_11)                   5.61e-02    0.334 4.27e+05    0.391   0.8
    sbox_loop[120].s_box (Sbox_33)        0.109 1.23e-02 4.39e+05    0.122   0.3
    sbox_loop[112].s_box (Sbox_34)        0.106 1.21e-02 4.39e+05    0.119   0.3
    sbox_loop[104].s_box (Sbox_35)        0.108 1.23e-02 4.39e+05    0.121   0.3
    sbox_loop[96].s_box (Sbox_36)         0.108 1.24e-02 4.39e+05    0.121   0.3
    sbox_loop[88].s_box (Sbox_37)         0.103 1.16e-02 4.40e+05    0.115   0.2
    sbox_loop[80].s_box (Sbox_38)      9.87e-02 1.13e-02 4.39e+05    0.110   0.2
    sbox_loop[72].s_box (Sbox_39)         0.103 1.17e-02 4.40e+05    0.115   0.2
    sbox_loop[64].s_box (Sbox_40)         0.102 1.16e-02 4.39e+05    0.114   0.2
    sbox_loop[56].s_box (Sbox_41)         0.108 1.23e-02 4.39e+05    0.121   0.3
    sbox_loop[48].s_box (Sbox_42)         0.106 1.20e-02 4.39e+05    0.119   0.3
    sbox_loop[40].s_box (Sbox_43)         0.108 1.21e-02 4.39e+05    0.120   0.3
    sbox_loop[32].s_box (Sbox_44)         0.109 1.25e-02 4.39e+05    0.122   0.3
    sbox_loop[24].s_box (Sbox_45)         0.107 1.22e-02 4.39e+05    0.119   0.3
    sbox_loop[16].s_box (Sbox_46)         0.105 1.18e-02 4.39e+05    0.117   0.3
    sbox_loop[8].s_box (Sbox_47)          0.107 1.21e-02 4.39e+05    0.119   0.3
    sbox_loop[0].s_box (Sbox_48)          0.105 1.19e-02 4.39e+05    0.117   0.3
  gen_rounds[7].round_key_inst (roundkey_4)
                                          0.192    0.334 6.28e+05    0.526   1.1
    DUT (DFF_128_12)                      0.157    0.310 4.11e+05    0.467   1.0
  gen_rounds[7].gen_mixcols.mix_columns_inst (mixcolumns_3)
                                          0.143    0.366 1.10e+06    0.511   1.1
    DUT (DFF_128_13)                   5.46e-02    0.310 4.11e+05    0.365   0.8
  gen_rounds[7].shift_rows_inst (shiftrows_4)
                                          0.154    0.311 4.12e+05    0.465   1.0
    DUT (DFF_128_14)                      0.153    0.311 4.11e+05    0.464   1.0
  gen_rounds[7].sub_bytes_inst (subbytes_4)
                                          1.703    0.524 7.46e+06    2.234   4.8
    DUT (DFF_128_15)                   5.67e-02    0.335 4.27e+05    0.392   0.8
    sbox_loop[120].s_box (Sbox_49)        0.104 1.18e-02 4.39e+05    0.116   0.3
    sbox_loop[112].s_box (Sbox_50)        0.101 1.17e-02 4.39e+05    0.113   0.2
    sbox_loop[104].s_box (Sbox_51)        0.104 1.18e-02 4.39e+05    0.116   0.3
    sbox_loop[96].s_box (Sbox_52)         0.101 1.17e-02 4.39e+05    0.113   0.2
    sbox_loop[88].s_box (Sbox_53)         0.104 1.18e-02 4.39e+05    0.117   0.3
    sbox_loop[80].s_box (Sbox_54)         0.105 1.20e-02 4.39e+05    0.118   0.3
    sbox_loop[72].s_box (Sbox_55)         0.104 1.18e-02 4.39e+05    0.117   0.3
    sbox_loop[64].s_box (Sbox_56)         0.105 1.20e-02 4.39e+05    0.117   0.3
    sbox_loop[56].s_box (Sbox_57)      9.85e-02 1.13e-02 4.39e+05    0.110   0.2
    sbox_loop[48].s_box (Sbox_58)      9.60e-02 1.13e-02 4.39e+05    0.108   0.2
    sbox_loop[40].s_box (Sbox_59)      9.87e-02 1.13e-02 4.39e+05    0.110   0.2
    sbox_loop[32].s_box (Sbox_60)      9.60e-02 1.13e-02 4.39e+05    0.108   0.2
    sbox_loop[24].s_box (Sbox_61)         0.106 1.21e-02 4.39e+05    0.119   0.3
    sbox_loop[16].s_box (Sbox_62)         0.107 1.21e-02 4.39e+05    0.119   0.3
    sbox_loop[8].s_box (Sbox_63)          0.107 1.21e-02 4.39e+05    0.119   0.3
    sbox_loop[0].s_box (Sbox_64)          0.107 1.21e-02 4.39e+05    0.119   0.3
  gen_rounds[6].round_key_inst (roundkey_5)
                                          0.194    0.335 6.29e+05    0.530   1.1
    DUT (DFF_128_16)                      0.159    0.311 4.11e+05    0.470   1.0
  gen_rounds[6].gen_mixcols.mix_columns_inst (mixcolumns_4)
                                          0.147    0.369 1.10e+06    0.517   1.1
    DUT (DFF_128_17)                   5.53e-02    0.310 4.11e+05    0.366   0.8
  gen_rounds[6].shift_rows_inst (shiftrows_5)
                                          0.155    0.312 4.12e+05    0.467   1.0
    DUT (DFF_128_18)                      0.154    0.312 4.11e+05    0.466   1.0
  gen_rounds[6].sub_bytes_inst (subbytes_5)
                                          1.765    0.533 7.45e+06    2.306   5.0
    DUT (DFF_128_19)                   5.72e-02    0.337 4.28e+05    0.394   0.8
    sbox_loop[120].s_box (Sbox_65)        0.106 1.20e-02 4.39e+05    0.119   0.3
    sbox_loop[112].s_box (Sbox_66)        0.106 1.19e-02 4.39e+05    0.118   0.3
    sbox_loop[104].s_box (Sbox_67)        0.106 1.20e-02 4.39e+05    0.119   0.3
    sbox_loop[96].s_box (Sbox_68)         0.107 1.20e-02 4.39e+05    0.119   0.3
    sbox_loop[88].s_box (Sbox_69)         0.106 1.25e-02 4.39e+05    0.119   0.3
    sbox_loop[80].s_box (Sbox_70)         0.107 1.26e-02 4.39e+05    0.120   0.3
    sbox_loop[72].s_box (Sbox_71)         0.107 1.26e-02 4.39e+05    0.120   0.3
    sbox_loop[64].s_box (Sbox_72)         0.107 1.26e-02 4.39e+05    0.120   0.3
    sbox_loop[56].s_box (Sbox_73)         0.107 1.20e-02 4.39e+05    0.120   0.3
    sbox_loop[48].s_box (Sbox_74)         0.107 1.20e-02 4.39e+05    0.120   0.3
    sbox_loop[40].s_box (Sbox_75)         0.107 1.21e-02 4.39e+05    0.119   0.3
    sbox_loop[32].s_box (Sbox_76)         0.107 1.21e-02 4.39e+05    0.119   0.3
    sbox_loop[24].s_box (Sbox_77)         0.108 1.27e-02 4.39e+05    0.121   0.3
    sbox_loop[16].s_box (Sbox_78)         0.108 1.26e-02 4.39e+05    0.121   0.3
    sbox_loop[8].s_box (Sbox_79)          0.105 1.24e-02 4.39e+05    0.118   0.3
    sbox_loop[0].s_box (Sbox_80)          0.108 1.26e-02 4.39e+05    0.121   0.3
  gen_rounds[5].round_key_inst (roundkey_6)
                                          0.202    0.339 6.29e+05    0.542   1.2
    DUT (DFF_128_20)                      0.166    0.313 4.11e+05    0.479   1.0
  gen_rounds[5].gen_mixcols.mix_columns_inst (mixcolumns_5)
                                          0.142    0.364 1.10e+06    0.507   1.1
    DUT (DFF_128_21)                   5.29e-02    0.309 4.12e+05    0.363   0.8
  gen_rounds[5].shift_rows_inst (shiftrows_6)
                                          0.155    0.313 4.13e+05    0.468   1.0
    DUT (DFF_128_22)                      0.154    0.313 4.12e+05    0.467   1.0
  gen_rounds[5].sub_bytes_inst (subbytes_6)
                                          1.753    0.527 7.45e+06    2.287   4.9
    DUT (DFF_128_23)                   5.69e-02    0.337 4.29e+05    0.394   0.8
    sbox_loop[120].s_box (Sbox_81)        0.106 1.21e-02 4.39e+05    0.118   0.3
    sbox_loop[112].s_box (Sbox_82)        0.106 1.21e-02 4.39e+05    0.118   0.3
    sbox_loop[104].s_box (Sbox_83)        0.106 1.21e-02 4.39e+05    0.118   0.3
    sbox_loop[96].s_box (Sbox_84)         0.106 1.21e-02 4.39e+05    0.118   0.3
    sbox_loop[88].s_box (Sbox_85)         0.104 1.16e-02 4.39e+05    0.116   0.2
    sbox_loop[80].s_box (Sbox_86)         0.104 1.16e-02 4.39e+05    0.116   0.2
    sbox_loop[72].s_box (Sbox_87)         0.104 1.16e-02 4.39e+05    0.116   0.2
    sbox_loop[64].s_box (Sbox_88)         0.104 1.16e-02 4.39e+05    0.116   0.2
    sbox_loop[56].s_box (Sbox_89)         0.107 1.20e-02 4.39e+05    0.119   0.3
    sbox_loop[48].s_box (Sbox_90)         0.107 1.20e-02 4.39e+05    0.119   0.3
    sbox_loop[40].s_box (Sbox_91)         0.107 1.20e-02 4.39e+05    0.119   0.3
    sbox_loop[32].s_box (Sbox_92)         0.106 1.20e-02 4.39e+05    0.119   0.3
    sbox_loop[24].s_box (Sbox_93)         0.107 1.18e-02 4.39e+05    0.119   0.3
    sbox_loop[16].s_box (Sbox_94)         0.107 1.18e-02 4.39e+05    0.120   0.3
    sbox_loop[8].s_box (Sbox_95)          0.107 1.18e-02 4.39e+05    0.119   0.3
    sbox_loop[0].s_box (Sbox_96)          0.107 1.18e-02 4.39e+05    0.120   0.3
  gen_rounds[4].round_key_inst (roundkey_7)
                                          0.199    0.337 6.30e+05    0.537   1.2
    DUT (DFF_128_24)                      0.163    0.312 4.11e+05    0.476   1.0
  gen_rounds[4].gen_mixcols.mix_columns_inst (mixcolumns_6)
                                          0.146    0.368 1.10e+06    0.515   1.1
    DUT (DFF_128_25)                   5.52e-02    0.310 4.11e+05    0.366   0.8
  gen_rounds[4].shift_rows_inst (shiftrows_7)
                                          0.154    0.312 4.12e+05    0.466   1.0
    DUT (DFF_128_26)                      0.153    0.311 4.11e+05    0.465   1.0
  gen_rounds[4].sub_bytes_inst (subbytes_7)
                                          1.774    0.525 7.46e+06    2.306   5.0
    DUT (DFF_128_27)                   5.70e-02    0.336 4.27e+05    0.393   0.8
    sbox_loop[120].s_box (Sbox_97)        0.107 1.19e-02 4.39e+05    0.119   0.3
    sbox_loop[112].s_box (Sbox_98)        0.107 1.19e-02 4.39e+05    0.120   0.3
    sbox_loop[104].s_box (Sbox_99)        0.107 1.19e-02 4.39e+05    0.120   0.3
    sbox_loop[96].s_box (Sbox_100)        0.107 1.19e-02 4.39e+05    0.120   0.3
    sbox_loop[88].s_box (Sbox_101)        0.107 1.17e-02 4.39e+05    0.120   0.3
    sbox_loop[80].s_box (Sbox_102)        0.107 1.17e-02 4.39e+05    0.119   0.3
    sbox_loop[72].s_box (Sbox_103)        0.107 1.17e-02 4.39e+05    0.119   0.3
    sbox_loop[64].s_box (Sbox_104)        0.107 1.17e-02 4.39e+05    0.120   0.3
    sbox_loop[56].s_box (Sbox_105)        0.107 1.19e-02 4.39e+05    0.119   0.3
    sbox_loop[48].s_box (Sbox_106)        0.107 1.19e-02 4.39e+05    0.120   0.3
    sbox_loop[40].s_box (Sbox_107)        0.107 1.19e-02 4.39e+05    0.119   0.3
    sbox_loop[32].s_box (Sbox_108)        0.107 1.19e-02 4.39e+05    0.120   0.3
    sbox_loop[24].s_box (Sbox_109)        0.107 1.17e-02 4.39e+05    0.119   0.3
    sbox_loop[16].s_box (Sbox_110)        0.107 1.17e-02 4.39e+05    0.120   0.3
    sbox_loop[8].s_box (Sbox_111)         0.107 1.17e-02 4.39e+05    0.120   0.3
    sbox_loop[0].s_box (Sbox_112)         0.107 1.17e-02 4.39e+05    0.119   0.3
  gen_rounds[3].round_key_inst (roundkey_8)
                                          0.207    0.341 6.30e+05    0.548   1.2
    DUT (DFF_128_28)                      0.169    0.314 4.11e+05    0.484   1.0
  gen_rounds[3].gen_mixcols.mix_columns_inst (mixcolumns_7)
                                          0.141    0.365 1.10e+06    0.507   1.1
    DUT (DFF_128_29)                   5.35e-02    0.310 4.12e+05    0.364   0.8
  gen_rounds[3].shift_rows_inst (shiftrows_8)
                                          0.150    0.312 4.13e+05    0.462   1.0
    DUT (DFF_128_30)                      0.149    0.312 4.12e+05    0.461   1.0
  gen_rounds[3].sub_bytes_inst (subbytes_8)
                                          1.734    0.527 7.45e+06    2.268   4.9
    DUT (DFF_128_31)                   5.59e-02    0.336 4.29e+05    0.393   0.8
    sbox_loop[120].s_box (Sbox_113)       0.106 1.20e-02 4.39e+05    0.118   0.3
    sbox_loop[112].s_box (Sbox_114)       0.106 1.20e-02 4.39e+05    0.119   0.3
    sbox_loop[104].s_box (Sbox_115)       0.106 1.20e-02 4.39e+05    0.118   0.3
    sbox_loop[96].s_box (Sbox_116)        0.106 1.20e-02 4.39e+05    0.118   0.3
    sbox_loop[88].s_box (Sbox_117)        0.105 1.19e-02 4.39e+05    0.117   0.3
    sbox_loop[80].s_box (Sbox_118)        0.104 1.19e-02 4.39e+05    0.117   0.3
    sbox_loop[72].s_box (Sbox_119)        0.104 1.19e-02 4.39e+05    0.117   0.3
    sbox_loop[64].s_box (Sbox_120)        0.104 1.19e-02 4.39e+05    0.117   0.3
    sbox_loop[56].s_box (Sbox_121)        0.105 1.19e-02 4.39e+05    0.118   0.3
    sbox_loop[48].s_box (Sbox_122)        0.106 1.20e-02 4.39e+05    0.118   0.3
    sbox_loop[40].s_box (Sbox_123)        0.105 1.20e-02 4.39e+05    0.118   0.3
    sbox_loop[32].s_box (Sbox_124)        0.106 1.20e-02 4.39e+05    0.118   0.3
    sbox_loop[24].s_box (Sbox_125)        0.103 1.17e-02 4.39e+05    0.115   0.2
    sbox_loop[16].s_box (Sbox_126)        0.103 1.17e-02 4.39e+05    0.115   0.2
    sbox_loop[8].s_box (Sbox_127)         0.103 1.17e-02 4.39e+05    0.115   0.2
    sbox_loop[0].s_box (Sbox_128)         0.103 1.17e-02 4.39e+05    0.116   0.2
  gen_rounds[2].round_key_inst (roundkey_9)
                                          0.192    0.334 6.29e+05    0.526   1.1
    DUT (DFF_128_32)                      0.158    0.310 4.11e+05    0.468   1.0
  gen_rounds[2].gen_mixcols.mix_columns_inst (mixcolumns_8)
                                          0.148    0.366 1.10e+06    0.515   1.1
    DUT (DFF_128_33)                   5.39e-02    0.309 4.11e+05    0.363   0.8
  gen_rounds[2].shift_rows_inst (shiftrows_9)
                                          0.153    0.312 4.12e+05    0.466   1.0
    DUT (DFF_128_34)                      0.153    0.312 4.11e+05    0.465   1.0
  gen_rounds[2].sub_bytes_inst (subbytes_9)
                                          1.742    0.525 7.46e+06    2.275   4.9
    DUT (DFF_128_35)                   5.68e-02    0.336 4.28e+05    0.393   0.8
    sbox_loop[120].s_box (Sbox_129)       0.105 1.18e-02 4.39e+05    0.118   0.3
    sbox_loop[112].s_box (Sbox_130)       0.105 1.19e-02 4.39e+05    0.118   0.3
    sbox_loop[104].s_box (Sbox_131)       0.105 1.18e-02 4.39e+05    0.118   0.3
    sbox_loop[96].s_box (Sbox_132)        0.105 1.18e-02 4.39e+05    0.117   0.3
    sbox_loop[88].s_box (Sbox_133)        0.106 1.18e-02 4.39e+05    0.118   0.3
    sbox_loop[80].s_box (Sbox_134)        0.105 1.18e-02 4.39e+05    0.118   0.3
    sbox_loop[72].s_box (Sbox_135)        0.105 1.18e-02 4.39e+05    0.117   0.3
    sbox_loop[64].s_box (Sbox_136)        0.105 1.18e-02 4.39e+05    0.117   0.3
    sbox_loop[56].s_box (Sbox_137)        0.105 1.18e-02 4.39e+05    0.117   0.3
    sbox_loop[48].s_box (Sbox_138)        0.105 1.18e-02 4.39e+05    0.118   0.3
    sbox_loop[40].s_box (Sbox_139)        0.105 1.18e-02 4.39e+05    0.117   0.3
    sbox_loop[32].s_box (Sbox_140)        0.106 1.18e-02 4.39e+05    0.118   0.3
    sbox_loop[24].s_box (Sbox_141)        0.105 1.18e-02 4.39e+05    0.118   0.3
    sbox_loop[16].s_box (Sbox_142)        0.105 1.18e-02 4.39e+05    0.118   0.3
    sbox_loop[8].s_box (Sbox_143)         0.106 1.18e-02 4.39e+05    0.118   0.3
    sbox_loop[0].s_box (Sbox_144)         0.105 1.18e-02 4.39e+05    0.118   0.3
  gen_rounds[1].round_key_inst (roundkey_10)
                                          0.198    0.337 6.29e+05    0.536   1.2
    DUT (DFF_128_36)                      0.162    0.312 4.11e+05    0.475   1.0
  gen_rounds[1].gen_mixcols.mix_columns_inst (mixcolumns_0)
                                          0.156    0.373 1.10e+06    0.531   1.1
    DUT (DFF_128_37)                   5.64e-02    0.312 4.11e+05    0.369   0.8
  gen_rounds[1].shift_rows_inst (shiftrows_0)
                                          0.142    0.308 4.12e+05    0.450   1.0
    DUT (DFF_128_38)                      0.141    0.308 4.11e+05    0.449   1.0
  gen_rounds[1].sub_bytes_inst (subbytes_0)
                                          1.234    0.480 7.46e+06    1.722   3.7
    DUT (DFF_128_39)                   5.38e-02    0.332 4.28e+05    0.386   0.8
    sbox_loop[120].s_box (Sbox_145)    7.46e-02 9.34e-03 4.39e+05 8.43e-02   0.2
    sbox_loop[112].s_box (Sbox_146)    7.36e-02 9.25e-03 4.39e+05 8.33e-02   0.2
    sbox_loop[104].s_box (Sbox_147)    7.40e-02 9.29e-03 4.39e+05 8.37e-02   0.2
    sbox_loop[96].s_box (Sbox_148)     7.34e-02 9.22e-03 4.39e+05 8.31e-02   0.2
    sbox_loop[88].s_box (Sbox_149)     7.36e-02 9.22e-03 4.39e+05 8.32e-02   0.2
    sbox_loop[80].s_box (Sbox_150)     7.38e-02 9.25e-03 4.39e+05 8.35e-02   0.2
    sbox_loop[72].s_box (Sbox_151)     7.37e-02 9.25e-03 4.39e+05 8.34e-02   0.2
    sbox_loop[64].s_box (Sbox_152)     7.35e-02 9.21e-03 4.39e+05 8.32e-02   0.2
    sbox_loop[56].s_box (Sbox_153)     7.35e-02 9.20e-03 4.39e+05 8.31e-02   0.2
    sbox_loop[48].s_box (Sbox_154)     7.36e-02 9.22e-03 4.39e+05 8.32e-02   0.2
    sbox_loop[40].s_box (Sbox_155)     7.40e-02 9.28e-03 4.39e+05 8.37e-02   0.2
    sbox_loop[32].s_box (Sbox_156)     7.32e-02 9.17e-03 4.39e+05 8.28e-02   0.2
    sbox_loop[24].s_box (Sbox_157)     7.37e-02 9.26e-03 4.39e+05 8.34e-02   0.2
    sbox_loop[16].s_box (Sbox_158)     7.33e-02 9.20e-03 4.39e+05 8.30e-02   0.2
    sbox_loop[8].s_box (Sbox_159)      7.39e-02 9.27e-03 4.39e+05 8.36e-02   0.2
    sbox_loop[0].s_box (Sbox_160)      7.39e-02 9.29e-03 4.39e+05 8.36e-02   0.2
  gen_key_expansion[10].key_exp_inst (KeyExpansion_36)
                                          0.538    0.407 2.37e+06    0.947   2.0
    DUT (DFF_128_40)                   6.66e-02    0.340 4.28e+05    0.407   0.9
    sbox_loop[24].s_box (Sbox_161)        0.102 1.17e-02 4.39e+05    0.114   0.2
    sbox_loop[16].s_box (Sbox_162)        0.102 1.17e-02 4.39e+05    0.114   0.2
    sbox_loop[8].s_box (Sbox_163)         0.102 1.17e-02 4.39e+05    0.114   0.2
    sbox_loop[0].s_box (Sbox_164)         0.102 1.17e-02 4.39e+05    0.114   0.2
  gen_key_expansion[9].key_exp_inst (KeyExpansion_1b)
                                          0.573    0.397 2.37e+06    0.972   2.1
    DUT (DFF_128_41)                      0.137    0.337 4.28e+05    0.475   1.0
    sbox_loop[24].s_box (Sbox_165)     9.38e-02 1.03e-02 4.40e+05    0.105   0.2
    sbox_loop[16].s_box (Sbox_166)     9.41e-02 1.03e-02 4.40e+05    0.105   0.2
    sbox_loop[8].s_box (Sbox_167)      9.39e-02 1.03e-02 4.40e+05    0.105   0.2
    sbox_loop[0].s_box (Sbox_168)      9.40e-02 1.03e-02 4.40e+05    0.105   0.2
  gen_key_expansion[8].key_exp_inst (KeyExpansion_80)
                                          0.564    0.401 2.35e+06    0.968   2.1
    DUT (DFF_128_42)                      0.131    0.341 4.33e+05    0.472   1.0
    sbox_loop[24].s_box (Sbox_169)     9.64e-02 1.06e-02 4.36e+05    0.107   0.2
    sbox_loop[16].s_box (Sbox_170)     9.62e-02 1.06e-02 4.36e+05    0.107   0.2
    sbox_loop[8].s_box (Sbox_171)      9.62e-02 1.06e-02 4.36e+05    0.107   0.2
    sbox_loop[0].s_box (Sbox_172)      9.63e-02 1.06e-02 4.36e+05    0.107   0.2
  gen_key_expansion[7].key_exp_inst (KeyExpansion_40)
                                          0.559    0.389 2.34e+06    0.950   2.0
    DUT (DFF_128_43)                      0.134    0.328 4.23e+05    0.463   1.0
    sbox_loop[24].s_box (Sbox_173)     9.32e-02 1.06e-02 4.37e+05    0.104   0.2
    sbox_loop[16].s_box (Sbox_174)     9.29e-02 1.06e-02 4.37e+05    0.104   0.2
    sbox_loop[8].s_box (Sbox_175)      9.30e-02 1.06e-02 4.37e+05    0.104   0.2
    sbox_loop[0].s_box (Sbox_176)      9.30e-02 1.06e-02 4.37e+05    0.104   0.2
  gen_key_expansion[6].key_exp_inst (KeyExpansion_20)
                                          0.549    0.392 2.34e+06    0.943   2.0
    DUT (DFF_128_44)                      0.133    0.331 4.24e+05    0.464   1.0
    sbox_loop[24].s_box (Sbox_177)     9.05e-02 1.06e-02 4.38e+05    0.102   0.2
    sbox_loop[16].s_box (Sbox_178)     9.06e-02 1.06e-02 4.37e+05    0.102   0.2
    sbox_loop[8].s_box (Sbox_179)      9.08e-02 1.07e-02 4.38e+05    0.102   0.2
    sbox_loop[0].s_box (Sbox_180)      9.09e-02 1.07e-02 4.38e+05    0.102   0.2
  gen_key_expansion[5].key_exp_inst (KeyExpansion_10)
                                          0.539    0.397 2.36e+06    0.939   2.0
    DUT (DFF_128_45)                      0.130    0.339 4.31e+05    0.470   1.0
    sbox_loop[24].s_box (Sbox_181)     8.98e-02 9.96e-03 4.37e+05    0.100   0.2
    sbox_loop[16].s_box (Sbox_182)     8.98e-02 9.97e-03 4.37e+05    0.100   0.2
    sbox_loop[8].s_box (Sbox_183)      9.01e-02 9.99e-03 4.37e+05    0.101   0.2
    sbox_loop[0].s_box (Sbox_184)      8.94e-02 9.91e-03 4.37e+05 9.98e-02   0.2
  gen_key_expansion[4].key_exp_inst (KeyExpansion_08)
                                          0.514    0.393 2.35e+06    0.910   2.0
    DUT (DFF_128_46)                      0.129    0.339 4.32e+05    0.468   1.0
    sbox_loop[24].s_box (Sbox_185)     8.44e-02 9.30e-03 4.37e+05 9.41e-02   0.2
    sbox_loop[16].s_box (Sbox_186)     8.52e-02 9.38e-03 4.37e+05 9.50e-02   0.2
    sbox_loop[8].s_box (Sbox_187)      8.41e-02 9.24e-03 4.37e+05 9.37e-02   0.2
    sbox_loop[0].s_box (Sbox_188)      8.45e-02 9.29e-03 4.37e+05 9.42e-02   0.2
  gen_key_expansion[3].key_exp_inst (KeyExpansion_04)
                                          0.500    0.395 2.36e+06    0.897   1.9
    DUT (DFF_128_47)                      0.129    0.341 4.32e+05    0.470   1.0
    sbox_loop[24].s_box (Sbox_189)     8.05e-02 9.08e-03 4.38e+05 9.01e-02   0.2
    sbox_loop[16].s_box (Sbox_190)     7.98e-02 9.01e-03 4.38e+05 8.92e-02   0.2
    sbox_loop[8].s_box (Sbox_191)      7.98e-02 9.00e-03 4.38e+05 8.92e-02   0.2
    sbox_loop[0].s_box (Sbox_192)      7.97e-02 9.01e-03 4.38e+05 8.91e-02   0.2
  gen_key_expansion[2].key_exp_inst (KeyExpansion_02)
                                          0.459    0.372 2.35e+06    0.833   1.8
    DUT (DFF_128_48)                      0.116    0.323 4.24e+05    0.440   0.9
    sbox_loop[24].s_box (Sbox_193)     7.46e-02 8.35e-03 4.38e+05 8.34e-02   0.2
    sbox_loop[16].s_box (Sbox_194)     7.48e-02 8.34e-03 4.38e+05 8.36e-02   0.2
    sbox_loop[8].s_box (Sbox_195)      7.43e-02 8.30e-03 4.38e+05 8.30e-02   0.2
    sbox_loop[0].s_box (Sbox_196)      7.51e-02 8.40e-03 4.38e+05 8.40e-02   0.2
  gen_key_expansion[1].key_exp_inst (KeyExpansion_01)
                                          0.544    0.417 2.38e+06    0.963   2.1
    DUT (DFF_128_49)                      0.111    0.336 4.40e+05    0.448   1.0
    sbox_loop[24].s_box (Sbox_197)     8.73e-02 1.20e-02 4.40e+05 9.97e-02   0.2
    sbox_loop[16].s_box (Sbox_198)     8.63e-02 1.19e-02 4.40e+05 9.86e-02   0.2
    sbox_loop[8].s_box (Sbox_199)      8.71e-02 1.20e-02 4.40e+05 9.96e-02   0.2
    sbox_loop[0].s_box (Sbox_0)        8.64e-02 1.19e-02 4.40e+05 9.87e-02   0.2
  initial_round_key_inst (roundkey_0)     0.120    0.334 6.79e+05    0.455   1.0
    DUT (DFF_128_0)                    9.47e-02    0.317 4.40e+05    0.412   0.9
1
