
################################################################################
#
# This file has been generated by SpyGlass:
#     Report Name      : moresimple
#     Report Created by: ICer
#     Report Created on:  Mon Sep  8 08:18:06 2025
#     Working Directory: /home/ICer/AES_Project/spy
#     SpyGlass Version : SpyGlass_vL-2016.06
#     Policy Name      : SpyGlass(SpyGlass_vL-2016.06)
#                        auto-verify(SpyGlass_vL-2016.06)
#
#     Total Number of Generated Messages :          3
#     Number of Waived Messages          :          0
#     Number of Reported Messages        :          3
#     Number of Overlimit Messages       :          0
#
#
################################################################################

+++++++++++++++++++++++++++++++++++++++++++++++++++++++++++++++++++++++
MORESIMPLE REPORT:
############### FATAL MESSAGES ############### 
+++++++++++++++++++++++++++++++++++++++++++++++++++++++++++++++++++++++++++++++++
ID       Rule         Alias    Severity    File                   Line    Wt    Message
======================================================================================
[2]      Av_init01             Fatal       ../AES_Encryption.v    3       10    Could not find clocks for all the flops. Please add clock SGDC constraint to the design
+++++++++++++++++++++++++++++++++++++++++++++++++++++++++++++++++++++++++++++++++++++++


############### BuiltIn -> RuleGroup=Design Read ###############
+++++++++++++++++++++++++++++++++++++++++++++++++++++++++++++++++++++++++++++++++++++++
ID       Rule                    Alias                   Severity    File                                                                                               Line    Wt    Message
======================================================================================
[1]      DetectTopDesignUnits    DetectTopDesignUnits    Info        ../AES_Encryption.v                                                                                3       2     Module AES_Encryption is a top level design unit
[0]      ElabSummary             ElabSummary             Info        ./spyglass-1/AES_Encryption/lint/lint_functional_rtl/spyglass_reports/SpyGlass/elab_summary.rpt    0       2     Please refer file './spyglass-1/AES_Encryption/lint/lint_functional_rtl/spyglass_reports/SpyGlass/elab_summary.rpt' for elab summary report
+++++++++++++++++++++++++++++++++++++++++++++++++++++++++++++++++++++++++++++++++++++++
